#
# A fatal error has been detected by the Java Runtime Environment:
#
#  EXCEPTION_ACCESS_VIOLATION (0xc0000005) at pc=0x00000000038151ac, pid=7916, tid=0x0000000000000958
#
# JRE version: Java(TM) SE Runtime Environment (8.0_241-b07) (build 1.8.0_241-b07)
# Java VM: Java HotSpot(TM) 64-Bit Server VM (25.241-b07 mixed mode windows-amd64 compressed oops)
# Problematic frame:
# J 2859 C1 oracle.jdbc.driver.Accessor.getOffset(I)J (7 bytes) @ 0x00000000038151ac [0x0000000003815160+0x4c]
#
# Failed to write core dump. Minidumps are not enabled by default on client versions of Windows
#
# If you would like to submit a bug report, please visit:
#   http://bugreport.java.com/bugreport/crash.jsp
#

---------------  T H R E A D  ---------------

Current thread (0x0000000003166000):  JavaThread "main" [_thread_in_Java, id=2392, stack(0x0000000003060000,0x0000000003160000)]

siginfo: ExceptionCode=0xc0000005, reading address 0x0000000000feff00

Registers:
RAX=0x0000000000000000, RBX=0x000000001d7dced8, RCX=0x00000000d6cf28e0, RDX=0x00000000d6cf28e0
RSP=0x000000000315be68, RBP=0x000000000315bed8, RSI=0x0000000000000000, RDI=0x0000000000000000
R8 =0x0000000000000000, R9 =0x0000000003165aa0, R10=0x000000006ad8d7b0, R11=0x0000000003815180
R12=0x0000000000000000, R13=0x000000000315be80, R14=0x000000000315bef8, R15=0x0000000003166000
RIP=0x00000000038151ac, EFLAGS=0x0000000000010206

Top of Stack: (sp=0x000000000315be68)
0x000000000315be68:   0000000003267e70 0000000000000008
0x000000000315be78:   0000000003267e70 0000000000000000
0x000000000315be88:   00000000d6cf28e0 00000000d6c1e2f8
0x000000000315be98:   000000000315be98 000000001d7ec160
0x000000000315bea8:   000000000315bef8 000000001d7ee118
0x000000000315beb8:   0000000000000000 000000001d7ec1a8
0x000000000315bec8:   000000000315be80 000000000315bef0
0x000000000315bed8:   000000000315bf50 00000000032680e0
0x000000000315bee8:   0000000000000000 0000000000000000
0x000000000315bef8:   00000000d6cf28e0 0000000000000000
0x000000000315bf08:   0000000083bd84a0 000000000315bf00
0x000000000315bf18:   000000001d541609 000000000315bf80
0x000000000315bf28:   000000001d5435e0 0000000000000000
0x000000000315bf38:   000000001d541638 000000000315bef0
0x000000000315bf48:   000000000315bf70 000000000315bfd8
0x000000000315bf58:   00000000032680e0 0000000000000000 

Instructions: (pc=0x00000000038151ac)
0x000000000381518c:   8b 82 a4 00 00 00 49 63 f0 44 3b 40 0c 0f 83 1e
0x000000000381519c:   00 00 00 48 8b 7c f0 10 48 8b c7 48 83 c4 30 5d
0x00000000038151ac:   85 05 4e af 7d fd c3 e8 c8 5e b4 ff e8 c3 5e b4
0x00000000038151bc:   ff 4c 89 04 24 e8 3a 84 ab ff 90 90 49 8b 87 a8 


Register to memory mapping:

RAX=0x0000000000000000 is an unknown value
RBX={method} {0x000000001d7dcee0} 'getOffset' '(I)J' in 'oracle/jdbc/driver/Accessor'
RCX=0x00000000d6cf28e0 is an oop
oracle.jdbc.driver.T4CVarcharAccessor 
 - klass: 'oracle/jdbc/driver/T4CVarcharAccessor'
RDX=0x00000000d6cf28e0 is an oop
oracle.jdbc.driver.T4CVarcharAccessor 
 - klass: 'oracle/jdbc/driver/T4CVarcharAccessor'
RSP=0x000000000315be68 is pointing into the stack for thread: 0x0000000003166000
RBP=0x000000000315bed8 is pointing into the stack for thread: 0x0000000003166000
RSI=0x0000000000000000 is an unknown value
RDI=0x0000000000000000 is an unknown value
R8 =0x0000000000000000 is an unknown value
R9 =0x0000000003165aa0 is an unknown value
R10=0x000000006ad8d7b0 is an unknown value
R11=0x0000000003815180 is at entry_point+32 in (nmethod*)0x0000000003815010
R12=0x0000000000000000 is an unknown value
R13=0x000000000315be80 is pointing into the stack for thread: 0x0000000003166000
R14=0x000000000315bef8 is pointing into the stack for thread: 0x0000000003166000
R15=0x0000000003166000 is a thread


Stack: [0x0000000003060000,0x0000000003160000],  sp=0x000000000315be68,  free space=1007k
Native frames: (J=compiled Java code, j=interpreted, Vv=VM code, C=native code)
C  0x00000000038151ac


---------------  P R O C E S S  ---------------

Java Threads: ( => current thread )
  0x000000001bae5800 JavaThread "oracle.jdbc.driver.BlockSource.ThreadedCachingBlockSource.BlockReleaser" daemon [_thread_blocked, id=792, stack(0x000000001d560000,0x000000001d660000)]
  0x000000001b546800 JavaThread "mysql-cj-abandoned-connection-cleanup" daemon [_thread_blocked, id=8008, stack(0x000000001d060000,0x000000001d160000)]
  0x00000000199de800 JavaThread "container-0" [_thread_blocked, id=10140, stack(0x000000001cf60000,0x000000001d060000)]
  0x00000000199de000 JavaThread "Catalina-utility-2" [_thread_blocked, id=6160, stack(0x000000001ce60000,0x000000001cf60000)]
  0x00000000199dd000 JavaThread "Catalina-utility-1" [_thread_blocked, id=1340, stack(0x000000001ad90000,0x000000001ae90000)]
  0x000000001a08e000 JavaThread "RMI TCP Accept-0" daemon [_thread_in_native, id=292, stack(0x000000001a850000,0x000000001a950000)]
  0x000000001a08b000 JavaThread "RMI TCP Accept-51017" daemon [_thread_in_native, id=5540, stack(0x000000001a750000,0x000000001a850000)]
  0x000000001a081000 JavaThread "RMI TCP Accept-0" daemon [_thread_in_native, id=7480, stack(0x000000001a650000,0x000000001a750000)]
  0x0000000019648800 JavaThread "Service Thread" daemon [_thread_blocked, id=540, stack(0x0000000019a10000,0x0000000019b10000)]
  0x0000000017cc6800 JavaThread "C1 CompilerThread2" daemon [_thread_blocked, id=6180, stack(0x0000000019510000,0x0000000019610000)]
  0x0000000017cba800 JavaThread "C2 CompilerThread1" daemon [_thread_blocked, id=2876, stack(0x0000000019410000,0x0000000019510000)]
  0x0000000017cb4000 JavaThread "C2 CompilerThread0" daemon [_thread_blocked, id=9196, stack(0x0000000019310000,0x0000000019410000)]
  0x0000000017cb2800 JavaThread "Attach Listener" daemon [_thread_blocked, id=6932, stack(0x0000000019210000,0x0000000019310000)]
  0x0000000017cb1000 JavaThread "Signal Dispatcher" daemon [_thread_blocked, id=9408, stack(0x0000000019110000,0x0000000019210000)]
  0x0000000017c9f800 JavaThread "Finalizer" daemon [_thread_blocked, id=6028, stack(0x0000000018f10000,0x0000000019010000)]
  0x0000000017c79000 JavaThread "Reference Handler" daemon [_thread_blocked, id=7380, stack(0x0000000018e10000,0x0000000018f10000)]
=>0x0000000003166000 JavaThread "main" [_thread_in_Java, id=2392, stack(0x0000000003060000,0x0000000003160000)]

Other Threads:
  0x0000000017c77000 VMThread [stack: 0x0000000018d10000,0x0000000018e10000] [id=9376]
  0x000000001a090000 WatcherThread [stack: 0x000000001a950000,0x000000001aa50000] [id=4912]

VM state:not at safepoint (normal execution)

VM Mutex/Monitor currently owned by a thread: None

heap address: 0x0000000083200000, size: 1998 MB, Compressed Oops mode: 32-bit
Narrow klass base: 0x0000000000000000, Narrow klass shift: 3
Compressed class space size: 1073741824 Address: 0x0000000100000000

Heap:
 PSYoungGen      total 111616K, used 10953K [0x00000000d6600000, 0x00000000e1280000, 0x0000000100000000)
  eden space 100864K, 10% used [0x00000000d6600000,0x00000000d70b27c0,0x00000000dc880000)
  from space 10752K, 0% used [0x00000000dc880000,0x00000000dc880000,0x00000000dd300000)
  to   space 12800K, 0% used [0x00000000e0600000,0x00000000e0600000,0x00000000e1280000)
 ParOldGen       total 94720K, used 16725K [0x0000000083200000, 0x0000000088e80000, 0x00000000d6600000)
  object space 94720K, 17% used [0x0000000083200000,0x00000000842554e8,0x0000000088e80000)
 Metaspace       used 35750K, capacity 37196K, committed 37632K, reserved 1081344K
  class space    used 5007K, capacity 5305K, committed 5376K, reserved 1048576K

Card table byte_map: [0x0000000012620000,0x0000000012a10000] byte_map_base: 0x0000000012207000

Marking Bits: (ParMarkBitMap*) 0x000000006adabe30
 Begin Bits: [0x00000000130b0000, 0x0000000014fe8000)
 End Bits:   [0x0000000014fe8000, 0x0000000016f20000)

Polling page: 0x0000000000ff0000

CodeCache: size=245760Kb used=5849Kb max_used=5849Kb free=239910Kb
 bounds [0x0000000003260000, 0x0000000003820000, 0x0000000012260000]
 total_blobs=3349 nmethods=2863 adapters=399
 compilation: enabled

Compilation events (10 events):
Event: 11.316 Thread 0x0000000017cc6800 2859       1       oracle.jdbc.driver.Accessor::getOffset (7 bytes)
Event: 11.316 Thread 0x0000000017cc6800 nmethod 2859 0x0000000003815010 code [0x0000000003815160, 0x0000000003815290]
Event: 11.316 Thread 0x0000000017cc6800 2860       1       oracle.jdbc.driver.T4CNumberAccessor::getPreviousRowProcessed (26 bytes)
Event: 11.316 Thread 0x0000000017cc6800 nmethod 2860 0x0000000003815350 code [0x00000000038154a0, 0x00000000038155d0]
Event: 11.316 Thread 0x0000000017cc6800 2861       1       oracle.jdbc.internal.OracleStatement$SqlKind::isPlsqlOrCall (5 bytes)
Event: 11.317 Thread 0x0000000017cc6800 nmethod 2861 0x0000000003815650 code [0x00000000038157a0, 0x00000000038158b0]
Event: 11.317 Thread 0x0000000017cc6800 2862       1       java.util.BitSet::clear (70 bytes)
Event: 11.318 Thread 0x0000000017cc6800 nmethod 2862 0x0000000003815910 code [0x0000000003815ac0, 0x0000000003815f38]
Event: 11.318 Thread 0x0000000017cc6800 2863       1       java.util.BitSet::recalculateWordsInUse (39 bytes)
Event: 11.319 Thread 0x0000000017cc6800 nmethod 2863 0x0000000003816210 code [0x0000000003816360, 0x00000000038164d0]

GC Heap History (10 events):
Event: 4.510 GC heap before
{Heap before GC invocations=5 (full 1):
 PSYoungGen      total 70656K, used 5090K [0x00000000d6600000, 0x00000000db000000, 0x0000000100000000)
  eden space 65536K, 0% used [0x00000000d6600000,0x00000000d6600000,0x00000000da600000)
  from space 5120K, 99% used [0x00000000dab00000,0x00000000daff8ad8,0x00000000db000000)
  to   space 5120K, 0% used [0x00000000da600000,0x00000000da600000,0x00000000dab00000)
 ParOldGen       total 86016K, used 7407K [0x0000000083200000, 0x0000000088600000, 0x00000000d6600000)
  object space 86016K, 8% used [0x0000000083200000,0x000000008393be10,0x0000000088600000)
 Metaspace       used 20455K, capacity 21142K, committed 21248K, reserved 1067008K
  class space    used 2804K, capacity 3010K, committed 3072K, reserved 1048576K
Event: 4.614 GC heap after
Heap after GC invocations=5 (full 1):
 PSYoungGen      total 70656K, used 0K [0x00000000d6600000, 0x00000000db000000, 0x0000000100000000)
  eden space 65536K, 0% used [0x00000000d6600000,0x00000000d6600000,0x00000000da600000)
  from space 5120K, 0% used [0x00000000dab00000,0x00000000dab00000,0x00000000db000000)
  to   space 5120K, 0% used [0x00000000da600000,0x00000000da600000,0x00000000dab00000)
 ParOldGen       total 55808K, used 6190K [0x0000000083200000, 0x0000000086880000, 0x00000000d6600000)
  object space 55808K, 11% used [0x0000000083200000,0x000000008380b808,0x0000000086880000)
 Metaspace       used 20452K, capacity 21134K, committed 21248K, reserved 1067008K
  class space    used 2803K, capacity 3008K, committed 3072K, reserved 1048576K
}
Event: 5.497 GC heap before
{Heap before GC invocations=6 (full 1):
 PSYoungGen      total 70656K, used 65536K [0x00000000d6600000, 0x00000000db000000, 0x0000000100000000)
  eden space 65536K, 100% used [0x00000000d6600000,0x00000000da600000,0x00000000da600000)
  from space 5120K, 0% used [0x00000000dab00000,0x00000000dab00000,0x00000000db000000)
  to   space 5120K, 0% used [0x00000000da600000,0x00000000da600000,0x00000000dab00000)
 ParOldGen       total 55808K, used 6190K [0x0000000083200000, 0x0000000086880000, 0x00000000d6600000)
  object space 55808K, 11% used [0x0000000083200000,0x000000008380b808,0x0000000086880000)
 Metaspace       used 21914K, capacity 22812K, committed 23040K, reserved 1069056K
  class space    used 3024K, capacity 3241K, committed 3328K, reserved 1048576K
Event: 5.508 GC heap after
Heap after GC invocations=6 (full 1):
 PSYoungGen      total 70656K, used 3748K [0x00000000d6600000, 0x00000000dde00000, 0x0000000100000000)
  eden space 65536K, 0% used [0x00000000d6600000,0x00000000d6600000,0x00000000da600000)
  from space 5120K, 73% used [0x00000000da600000,0x00000000da9a9280,0x00000000dab00000)
  to   space 9728K, 0% used [0x00000000dd480000,0x00000000dd480000,0x00000000dde00000)
 ParOldGen       total 55808K, used 6198K [0x0000000083200000, 0x0000000086880000, 0x00000000d6600000)
  object space 55808K, 11% used [0x0000000083200000,0x000000008380d808,0x0000000086880000)
 Metaspace       used 21914K, capacity 22812K, committed 23040K, reserved 1069056K
  class space    used 3024K, capacity 3241K, committed 3328K, reserved 1048576K
}
Event: 7.503 GC heap before
{Heap before GC invocations=7 (full 1):
 PSYoungGen      total 70656K, used 69257K [0x00000000d6600000, 0x00000000dde00000, 0x0000000100000000)
  eden space 65536K, 99% used [0x00000000d6600000,0x00000000da5f9210,0x00000000da600000)
  from space 5120K, 73% used [0x00000000da600000,0x00000000da9a9280,0x00000000dab00000)
  to   space 9728K, 0% used [0x00000000dd480000,0x00000000dd480000,0x00000000dde00000)
 ParOldGen       total 55808K, used 6198K [0x0000000083200000, 0x0000000086880000, 0x00000000d6600000)
  object space 55808K, 11% used [0x0000000083200000,0x000000008380d808,0x0000000086880000)
 Metaspace       used 26647K, capacity 28118K, committed 28288K, reserved 1073152K
  class space    used 3674K, capacity 3966K, committed 3968K, reserved 1048576K
Event: 7.529 GC heap after
Heap after GC invocations=7 (full 1):
 PSYoungGen      total 110080K, used 8498K [0x00000000d6600000, 0x00000000ddd80000, 0x0000000100000000)
  eden space 100864K, 0% used [0x00000000d6600000,0x00000000d6600000,0x00000000dc880000)
  from space 9216K, 92% used [0x00000000dd480000,0x00000000ddcccac8,0x00000000ddd80000)
  to   space 10752K, 0% used [0x00000000dc880000,0x00000000dc880000,0x00000000dd300000)
 ParOldGen       total 55808K, used 6206K [0x0000000083200000, 0x0000000086880000, 0x00000000d6600000)
  object space 55808K, 11% used [0x0000000083200000,0x000000008380f808,0x0000000086880000)
 Metaspace       used 26647K, capacity 28118K, committed 28288K, reserved 1073152K
  class space    used 3674K, capacity 3966K, committed 3968K, reserved 1048576K
}
Event: 10.431 GC heap before
{Heap before GC invocations=8 (full 1):
 PSYoungGen      total 110080K, used 89025K [0x00000000d6600000, 0x00000000ddd80000, 0x0000000100000000)
  eden space 100864K, 79% used [0x00000000d6600000,0x00000000db4a3978,0x00000000dc880000)
  from space 9216K, 92% used [0x00000000dd480000,0x00000000ddcccac8,0x00000000ddd80000)
  to   space 10752K, 0% used [0x00000000dc880000,0x00000000dc880000,0x00000000dd300000)
 ParOldGen       total 55808K, used 6206K [0x0000000083200000, 0x0000000086880000, 0x00000000d6600000)
  object space 55808K, 11% used [0x0000000083200000,0x000000008380f808,0x0000000086880000)
 Metaspace       used 33791K, capacity 35212K, committed 35416K, reserved 1079296K
  class space    used 4751K, capacity 5049K, committed 5120K, reserved 1048576K
Event: 10.465 GC heap after
Heap after GC invocations=8 (full 1):
 PSYoungGen      total 111616K, used 10741K [0x00000000d6600000, 0x00000000e1280000, 0x0000000100000000)
  eden space 100864K, 0% used [0x00000000d6600000,0x00000000d6600000,0x00000000dc880000)
  from space 10752K, 99% used [0x00000000dc880000,0x00000000dd2fd768,0x00000000dd300000)
  to   space 12800K, 0% used [0x00000000e0600000,0x00000000e0600000,0x00000000e1280000)
 ParOldGen       total 55808K, used 7560K [0x0000000083200000, 0x0000000086880000, 0x00000000d6600000)
  object space 55808K, 13% used [0x0000000083200000,0x0000000083962198,0x0000000086880000)
 Metaspace       used 33791K, capacity 35212K, committed 35416K, reserved 1079296K
  class space    used 4751K, capacity 5049K, committed 5120K, reserved 1048576K
}
Event: 10.465 GC heap before
{Heap before GC invocations=9 (full 2):
 PSYoungGen      total 111616K, used 10741K [0x00000000d6600000, 0x00000000e1280000, 0x0000000100000000)
  eden space 100864K, 0% used [0x00000000d6600000,0x00000000d6600000,0x00000000dc880000)
  from space 10752K, 99% used [0x00000000dc880000,0x00000000dd2fd768,0x00000000dd300000)
  to   space 12800K, 0% used [0x00000000e0600000,0x00000000e0600000,0x00000000e1280000)
 ParOldGen       total 55808K, used 7560K [0x0000000083200000, 0x0000000086880000, 0x00000000d6600000)
  object space 55808K, 13% used [0x0000000083200000,0x0000000083962198,0x0000000086880000)
 Metaspace       used 33791K, capacity 35212K, committed 35416K, reserved 1079296K
  class space    used 4751K, capacity 5049K, committed 5120K, reserved 1048576K
Event: 10.782 GC heap after
Heap after GC invocations=9 (full 2):
 PSYoungGen      total 111616K, used 0K [0x00000000d6600000, 0x00000000e1280000, 0x0000000100000000)
  eden space 100864K, 0% used [0x00000000d6600000,0x00000000d6600000,0x00000000dc880000)
  from space 10752K, 0% used [0x00000000dc880000,0x00000000dc880000,0x00000000dd300000)
  to   space 12800K, 0% used [0x00000000e0600000,0x00000000e0600000,0x00000000e1280000)
 ParOldGen       total 94720K, used 16725K [0x0000000083200000, 0x0000000088e80000, 0x00000000d6600000)
  object space 94720K, 17% used [0x0000000083200000,0x00000000842554e8,0x0000000088e80000)
 Metaspace       used 33791K, capacity 35212K, committed 35416K, reserved 1079296K
  class space    used 4751K, capacity 5049K, committed 5120K, reserved 1048576K
}

Deoptimization events (0 events):
No events

Classes redefined (0 events):
No events

Internal exceptions (10 events):
Event: 6.943 Thread 0x0000000003166000 Exception <a 'java/lang/ArrayIndexOutOfBoundsException'> (0x00000000d86507e0) thrown at [C:\ade\jenkins\workspace\8-2-build-windows-amd64-cygwin\jdk8u241\331\hotspot\src\share\vm\runtime\sharedRuntime.cpp, line 605]
Event: 6.945 Thread 0x0000000003166000 Exception <a 'java/lang/ArrayIndexOutOfBoundsException'> (0x00000000d8651b28) thrown at [C:\ade\jenkins\workspace\8-2-build-windows-amd64-cygwin\jdk8u241\331\hotspot\src\share\vm\runtime\sharedRuntime.cpp, line 605]
Event: 6.945 Thread 0x0000000003166000 Exception <a 'java/lang/ArrayIndexOutOfBoundsException'> (0x00000000d8653370) thrown at [C:\ade\jenkins\workspace\8-2-build-windows-amd64-cygwin\jdk8u241\331\hotspot\src\share\vm\runtime\sharedRuntime.cpp, line 605]
Event: 7.696 Thread 0x0000000003166000 Exception <a 'java/io/FileNotFoundException'> (0x00000000d7ae68e8) thrown at [C:\ade\jenkins\workspace\8-2-build-windows-amd64-cygwin\jdk8u241\331\hotspot\src\share\vm\prims\jni.cpp, line 710]
Event: 8.089 Thread 0x0000000003166000 Exception <a 'java/io/FileNotFoundException'> (0x00000000d7eb9c50) thrown at [C:\ade\jenkins\workspace\8-2-build-windows-amd64-cygwin\jdk8u241\331\hotspot\src\share\vm\prims\jni.cpp, line 710]
Event: 8.359 Thread 0x0000000003166000 Exception <a 'java/lang/NoClassDefFoundError': oracle/security/pki/OraclePKIProvider> (0x00000000d834ee70) thrown at [C:\ade\jenkins\workspace\8-2-build-windows-amd64-cygwin\jdk8u241\331\hotspot\src\share\vm\classfile\systemDictionary.cpp, line 199]
Event: 8.401 Thread 0x0000000003166000 Exception <a 'java/lang/ArrayIndexOutOfBoundsException'> (0x00000000d8433b88) thrown at [C:\ade\jenkins\workspace\8-2-build-windows-amd64-cygwin\jdk8u241\331\hotspot\src\share\vm\runtime\sharedRuntime.cpp, line 605]
Event: 8.412 Thread 0x0000000003166000 Exception <a 'java/lang/ArrayIndexOutOfBoundsException'> (0x00000000d8456498) thrown at [C:\ade\jenkins\workspace\8-2-build-windows-amd64-cygwin\jdk8u241\331\hotspot\src\share\vm\runtime\sharedRuntime.cpp, line 605]
Event: 8.414 Thread 0x0000000003166000 Exception <a 'java/lang/ArrayIndexOutOfBoundsException'> (0x00000000d845b240) thrown at [C:\ade\jenkins\workspace\8-2-build-windows-amd64-cygwin\jdk8u241\331\hotspot\src\share\vm\runtime\sharedRuntime.cpp, line 605]
Event: 8.415 Thread 0x0000000003166000 Exception <a 'java/lang/ArrayIndexOutOfBoundsException'> (0x00000000d845ebc8) thrown at [C:\ade\jenkins\workspace\8-2-build-windows-amd64-cygwin\jdk8u241\331\hotspot\src\share\vm\runtime\sharedRuntime.cpp, line 605]

Events (10 events):
Event: 11.324 loading class oracle/jdbc/internal/OracleResultSet
Event: 11.324 loading class oracle/jdbc/internal/OracleResultSet done
Event: 11.325 loading class oracle/jdbc/OracleResultSet
Event: 11.325 loading class oracle/jdbc/OracleResultSet done
Event: 11.342 loading class oracle/jdbc/driver/ForwardOnlyResultSet
Event: 11.342 loading class oracle/jdbc/driver/ForwardOnlyResultSet done
Event: 11.342 loading class oracle/jdbc/driver/InsensitiveScrollableResultSet
Event: 11.342 loading class oracle/jdbc/driver/InsensitiveScrollableResultSet done
Event: 11.344 loading class oracle/jdbc/driver/GeneratedScrollableResultSet
Event: 11.344 loading class oracle/jdbc/driver/GeneratedScrollableResultSet done


Dynamic libraries:
0x00007ff7195b0000 - 0x00007ff7195e7000 	C:\Program Files\Java\jre1.8.0_241\bin\javaw.exe
0x00007ffe90260000 - 0x00007ffe90450000 	C:\WINDOWS\SYSTEM32\ntdll.dll
0x00007ffe86040000 - 0x00007ffe86053000 	C:\Program Files\Avast Software\Avast\aswhook.dll
0x00007ffe8f790000 - 0x00007ffe8f842000 	C:\WINDOWS\System32\KERNEL32.DLL
0x00007ffe8d3d0000 - 0x00007ffe8d675000 	C:\WINDOWS\System32\KERNELBASE.dll
0x00007ffe8fd90000 - 0x00007ffe8fe33000 	C:\WINDOWS\System32\ADVAPI32.dll
0x00007ffe8f560000 - 0x00007ffe8f5fe000 	C:\WINDOWS\System32\msvcrt.dll
0x00007ffe8f460000 - 0x00007ffe8f4f7000 	C:\WINDOWS\System32\sechost.dll
0x00007ffe8f340000 - 0x00007ffe8f45f000 	C:\WINDOWS\System32\RPCRT4.dll
0x00007ffe8f1a0000 - 0x00007ffe8f334000 	C:\WINDOWS\System32\USER32.dll
0x00007ffe8da90000 - 0x00007ffe8dab1000 	C:\WINDOWS\System32\win32u.dll
0x00007ffe8fcc0000 - 0x00007ffe8fce6000 	C:\WINDOWS\System32\GDI32.dll
0x00007ffe8d810000 - 0x00007ffe8d9a8000 	C:\WINDOWS\System32\gdi32full.dll
0x00007ffe8dac0000 - 0x00007ffe8db5e000 	C:\WINDOWS\System32\msvcp_win.dll
0x00007ffe8d680000 - 0x00007ffe8d77a000 	C:\WINDOWS\System32\ucrtbase.dll
0x00007ffe8bbb0000 - 0x00007ffe8be34000 	C:\WINDOWS\WinSxS\amd64_microsoft.windows.common-controls_6595b64144ccf1df_6.0.18362.1556_none_9e7e372fe45e41d5\COMCTL32.dll
0x00007ffe8eb10000 - 0x00007ffe8ee46000 	C:\WINDOWS\System32\combase.dll
0x00007ffe8d780000 - 0x00007ffe8d801000 	C:\WINDOWS\System32\bcryptPrimitives.dll
0x00007ffe8fcf0000 - 0x00007ffe8fd1e000 	C:\WINDOWS\System32\IMM32.DLL
0x000000006a3c0000 - 0x000000006a492000 	C:\Program Files\Java\jre1.8.0_241\bin\msvcr100.dll
0x000000006a580000 - 0x000000006ae2c000 	C:\Program Files\Java\jre1.8.0_241\bin\server\jvm.dll
0x00007ffe8e390000 - 0x00007ffe8e398000 	C:\WINDOWS\System32\PSAPI.DLL
0x00007ffe802b0000 - 0x00007ffe802b9000 	C:\WINDOWS\SYSTEM32\WSOCK32.dll
0x00007ffe900e0000 - 0x00007ffe9014f000 	C:\WINDOWS\System32\WS2_32.dll
0x00007ffe8a510000 - 0x00007ffe8a534000 	C:\WINDOWS\SYSTEM32\WINMM.dll
0x00007ffe86230000 - 0x00007ffe8623a000 	C:\WINDOWS\SYSTEM32\VERSION.dll
0x00007ffe8a4e0000 - 0x00007ffe8a50d000 	C:\WINDOWS\SYSTEM32\WINMMBASE.dll
0x00007ffe8d9b0000 - 0x00007ffe8d9fa000 	C:\WINDOWS\System32\cfgmgr32.dll
0x00007ffe83d70000 - 0x00007ffe83d7f000 	C:\Program Files\Java\jre1.8.0_241\bin\verify.dll
0x00007ffe722e0000 - 0x00007ffe72309000 	C:\Program Files\Java\jre1.8.0_241\bin\java.dll
0x00007ffe72f60000 - 0x00007ffe72f76000 	C:\Program Files\Java\jre1.8.0_241\bin\zip.dll
0x00007ffe8e3a0000 - 0x00007ffe8ea87000 	C:\WINDOWS\System32\SHELL32.dll
0x00007ffe8fef0000 - 0x00007ffe8ff98000 	C:\WINDOWS\System32\shcore.dll
0x00007ffe8db60000 - 0x00007ffe8e2db000 	C:\WINDOWS\System32\windows.storage.dll
0x00007ffe8d210000 - 0x00007ffe8d22e000 	C:\WINDOWS\System32\profapi.dll
0x00007ffe8d1a0000 - 0x00007ffe8d1ea000 	C:\WINDOWS\System32\powrprof.dll
0x00007ffe8d190000 - 0x00007ffe8d1a0000 	C:\WINDOWS\System32\UMPDC.dll
0x00007ffe8ee50000 - 0x00007ffe8eea2000 	C:\WINDOWS\System32\shlwapi.dll
0x00007ffe8d1f0000 - 0x00007ffe8d201000 	C:\WINDOWS\System32\kernel.appcore.dll
0x00007ffe8d250000 - 0x00007ffe8d267000 	C:\WINDOWS\System32\cryptsp.dll
0x00007ffe89490000 - 0x00007ffe8949d000 	C:\Program Files\Java\jre1.8.0_241\bin\management.dll
0x00007ffe72390000 - 0x00007ffe723aa000 	C:\Program Files\Java\jre1.8.0_241\bin\net.dll
0x00007ffe8c650000 - 0x00007ffe8c6b7000 	C:\WINDOWS\system32\mswsock.dll
0x00007ffe72190000 - 0x00007ffe721a2000 	C:\Program Files\Java\jre1.8.0_241\bin\nio.dll
0x00007ffe7bea0000 - 0x00007ffe7beb6000 	C:\WINDOWS\system32\napinsp.dll
0x00007ffe7ba20000 - 0x00007ffe7ba3a000 	C:\WINDOWS\system32\pnrpnsp.dll
0x00007ffe8c3b0000 - 0x00007ffe8c47b000 	C:\WINDOWS\SYSTEM32\DNSAPI.dll
0x00007ffe8f130000 - 0x00007ffe8f138000 	C:\WINDOWS\System32\NSI.dll
0x00007ffe8c360000 - 0x00007ffe8c39a000 	C:\WINDOWS\SYSTEM32\IPHLPAPI.DLL
0x00007ffe79220000 - 0x00007ffe7922e000 	C:\WINDOWS\System32\winrnr.dll
0x00007ffe89420000 - 0x00007ffe8943c000 	C:\WINDOWS\system32\NLAapi.dll
0x00007ffe79200000 - 0x00007ffe79215000 	C:\WINDOWS\system32\wshbth.dll
0x00007ffe804e0000 - 0x00007ffe804ea000 	C:\Windows\System32\rasadhlp.dll
0x00007ffe83fa0000 - 0x00007ffe84017000 	C:\WINDOWS\System32\fwpuclnt.dll
0x00007ffe8da60000 - 0x00007ffe8da86000 	C:\WINDOWS\System32\bcrypt.dll
0x00007ffe8c1d0000 - 0x00007ffe8c203000 	C:\WINDOWS\system32\rsaenh.dll
0x00007ffe8d0b0000 - 0x00007ffe8d0d5000 	C:\WINDOWS\SYSTEM32\USERENV.dll
0x00007ffe8c820000 - 0x00007ffe8c82c000 	C:\WINDOWS\SYSTEM32\CRYPTBASE.dll
0x00007ffe84290000 - 0x00007ffe842a6000 	C:\WINDOWS\SYSTEM32\dhcpcsvc6.DLL
0x00007ffe844a0000 - 0x00007ffe844bc000 	C:\WINDOWS\SYSTEM32\dhcpcsvc.DLL
0x00007ffe8cc00000 - 0x00007ffe8cdf4000 	C:\WINDOWS\SYSTEM32\dbghelp.dll

VM Arguments:
jvm_args: -Dcom.sun.management.jmxremote -Dcom.sun.management.jmxremote.port=51017 -Dcom.sun.management.jmxremote.authenticate=false -Dcom.sun.management.jmxremote.ssl=false -Djava.rmi.server.hostname=localhost -Dspring.jmx.enabled=true -Dspring.liveBeansView.mbeanDomain -Dspring.application.admin.enabled=true -Xverify:none -XX:TieredStopAtLevel=1 -Dspring.boot.project.name=Shifting_Customer -Dfile.encoding=UTF-8 
java_command: com.shifting_customers.ShiftingCustomerApplication --spring.output.ansi.enabled=always
java_class_path (initial): E:\Shiftyng\Shifting_Customer\target\classes;E:\ojdbc7.jar;C:\Users\Ravikiran Mukiri\.m2\repository\org\springframework\spring-aop\5.2.4.RELEASE\spring-aop-5.2.4.RELEASE.jar;C:\Users\Ravikiran Mukiri\.m2\repository\org\springframework\spring-beans\5.2.4.RELEASE\spring-beans-5.2.4.RELEASE.jar;C:\Users\Ravikiran Mukiri\.m2\repository\org\springframework\spring-context\5.2.4.RELEASE\spring-context-5.2.4.RELEASE.jar;C:\Users\Ravikiran Mukiri\.m2\repository\org\springframework\spring-expression\5.2.4.RELEASE\spring-expression-5.2.4.RELEASE.jar;C:\Users\Ravikiran Mukiri\.m2\repository\org\springframework\spring-core\5.2.4.RELEASE\spring-core-5.2.4.RELEASE.jar;C:\Users\Ravikiran Mukiri\.m2\repository\org\springframework\spring-jcl\5.2.4.RELEASE\spring-jcl-5.2.4.RELEASE.jar;C:\Users\Ravikiran Mukiri\.m2\repository\org\springframework\boot\spring-boot-starter\2.2.5.RELEASE\spring-boot-starter-2.2.5.RELEASE.jar;C:\Users\Ravikiran Mukiri\.m2\repository\org\springframework\boot\spring-boot\2.2.5.RELEASE\spring-boot-2.2.5.RELEASE.jar;C:\Users\Ravikiran Mukiri\.m2\repository\org\springframework\boot\spring-boot-autoconfigure\2.2.5.RELEASE\spring-boot-autoconfigure-2.2.5.RELEASE.jar;C:\Users\Ravikiran Mukiri\.m2\repository\org\springframework\boot\spring-boot-starter-logging\2.2.5.RELEASE\spring-boot-starter-logging-2.2.5.RELEASE.jar;C:\Users\Ravikiran Mukiri\.m2\repository\ch\qos\logback\logback-classic\1.2.3\logback-classic-1.2.3.jar;C:\Users\Ravikiran Mukiri\.m2\repository\ch\qos\logback\logback-core\1.2.3\logback-core-1.2.3.jar;C:\Users\Ravikiran Mukiri\.m2\repository\org\apache\logging\log4j\log4j-to-slf4j\2.12.1\log4j-to-slf4j-2.12.1.jar;C:\Users\Ravikiran Mukiri\.m2\repository\org\apache\logging\log4j\log4j-api\2.12.1\log4j-api-2.12.1.jar;C:\Users\Ravikiran Mukiri\.m2\repository\org\slf4j\jul-to-slf4j\1.7.30\jul-to-slf4j-1.7.30.jar;C:\Users\Ravikiran Mukiri\.m2\repository\jakarta\annotation\jakarta.annotation-api\1.3.5\jakarta.annotation-api-1.3
Launcher Type: SUN_STANDARD

Environment Variables:
JAVA_HOME=C:\Program Files\Java\jdk1.8.0_241
PATH=C:/Program Files/Java/jre1.8.0_241/bin/server;C:/Program Files/Java/jre1.8.0_241/bin;C:/Program Files/Java/jre1.8.0_241/lib/amd64;C:\Python39\Scripts\;C:\Python39\;C:\oraclexe\app\oracle\product\10.2.0\server\bin;C:\Program Files (x86)\Common Files\Oracle\Java\javapath;C:\WINDOWS\system32;C:\WINDOWS;C:\WINDOWS\System32\Wbem;C:\WINDOWS\System32\WindowsPowerShell\v1.0\;C:\Program Files\Git\cmd;C:\WINDOWS\System32\OpenSSH\;C:\Program Files\nodejs\;C:\ProgramData\chocolatey\bin;C:\Users\RavikiranMukiri\AppData\Roaming\npm\react-native.cmd;%LOCALAPPDATA%\Android\Sdk\platform-tools;C:\Users\RavikiranMukiri\AppData\Local\Android\Sdk\platform-tools;C:\Users\Ravikiran Mukiri\AppData\Local\Microsoft\WindowsApps;C:\Users\Ravikiran Mukiri\AppData\Roaming\npm;C:\Users\Ravikiran Mukiri\AppData\Local\Programs\Microsoft VS Code\bin;E:\Softwares\Spring Tool Suite\spring-tool-suite-3.9.11.RELEASE-e4.14.0-win32-x86_64\sts-bundle\sts-3.9.11.RELEASE;
USERNAME=Ravikiran
OS=Windows_NT
PROCESSOR_IDENTIFIER=Intel64 Family 6 Model 37 Stepping 5, GenuineIntel



---------------  S Y S T E M  ---------------

OS: Windows 10.0 , 64 bit Build 18362 (10.0.18362.1500)

CPU:total 4 (initial active 4) (2 cores per cpu, 2 threads per core) family 6 model 37 stepping 5, cmov, cx8, fxsr, mmx, sse, sse2, sse3, ssse3, sse4.1, sse4.2, popcnt, aes, clmul, ht, tsc, tscinvbit

Memory: 4k page, physical 8182456k(3407456k free), swap 9493176k(2677468k free)

vm_info: Java HotSpot(TM) 64-Bit Server VM (25.241-b07) for windows-amd64 JRE (1.8.0_241-b07), built on Dec 11 2019 10:21:40 by "rejava" with MS VC++ 10.0 (VS2010)

time: Sat May 22 12:39:11 2021
timezone: India Standard Time
elapsed time: 11 seconds (0d 0h 0m 11s)

