#
# A fatal error has been detected by the Java Runtime Environment:
#
#  EXCEPTION_PRIV_INSTRUCTION (0xc0000096) at pc=0x00000000023450b7, pid=2724, tid=0x0000000000000eb0
#
# JRE version: Java(TM) SE Runtime Environment (8.0_241-b07) (build 1.8.0_241-b07)
# Java VM: Java HotSpot(TM) 64-Bit Server VM (25.241-b07 mixed mode windows-amd64 compressed oops)
# Problematic frame:
# j  org.hibernate.jmx.internal.JmxServiceInitiator.initiateService(Ljava/util/Map;Lorg/hibernate/service/spi/ServiceRegistryImplementor;)Lorg/hibernate/jmx/spi/JmxService;+4
#
# Failed to write core dump. Minidumps are not enabled by default on client versions of Windows
#
# If you would like to submit a bug report, please visit:
#   http://bugreport.java.com/bugreport/crash.jsp
#

---------------  T H R E A D  ---------------

Current thread (0x0000000002225000):  JavaThread "main" [_thread_in_Java, id=3760, stack(0x0000000002120000,0x0000000002220000)]

siginfo: ExceptionCode=0xc0000096

Registers:
RAX=0x000000000221bfc4, RBX=0x00000000000000b8, RCX=0x0000000002225000, RDX=0x00000000000000b8
RSP=0x000000000221bd18, RBP=0x000000000221bd98, RSI=0x0000000000000006, RDI=0x0000000000000000
R8 =0x0000000000000009, R9 =0x000000000082d1d0, R10=0x0000000061b04800, R11=0x000000000221bd00
R12=0x0000000000000000, R13=0x000000001c314164, R14=0x000000000221bdb8, R15=0x0000000002225000
RIP=0x00000000023450b7, EFLAGS=0x0000000000010246

Top of Stack: (sp=0x000000000221bd18)
0x000000000221bd18:   0000000000000000 0000000000000000
0x000000000221bd28:   0000000002348de9 0000000002225000
0x000000000221bd38:   0000000002345083 0000000000000000
0x000000000221bd48:   0000000083a8e4b8 0000000083d4c9f0
0x000000000221bd58:   000000000221bd58 000000001c314164
0x000000000221bd68:   000000000221bdb8 000000001c314358
0x000000000221bd78:   0000000000000000 000000001c3141a8
0x000000000221bd88:   0000000000000000 000000000221bda8
0x000000000221bd98:   000000000221be00 00000000023280e0
0x000000000221bda8:   0000000083a8e4e8 0000000083a8e4b8
0x000000000221bdb8:   0000000083b751e0 000000000221bdc0
0x000000000221bdc8:   000000001c314233 000000000221be20
0x000000000221bdd8:   000000001c314358 0000000000000000
0x000000000221bde8:   000000001c314250 000000000221bda8
0x000000000221bdf8:   000000000221be10 000000000221be78
0x000000000221be08:   00000000023281b4 0000000083a8e4e8 

Instructions: (pc=0x00000000023450b7)
0x0000000002345097:   49 89 af e8 01 00 00 49 89 87 d8 01 00 00 48 83
0x00000000023450a7:   ec 20 f7 c4 0f 00 00 00 0d 84 12 00 00 00 48 83
0x00000000023450b7:   ec 08 e8 02 7f 06 5f 48 83 c4 08 e9 05 00 00 00
0x00000000023450c7:   e8 f4 7e 06 5f 48 83 c4 20 49 ba 00 00 00 00 00 


Register to memory mapping:

RAX=0x000000000221bfc4 is pointing into the stack for thread: 0x0000000002225000
RBX=0x00000000000000b8 is an unknown value
RCX=0x0000000002225000 is a thread
RDX=0x00000000000000b8 is an unknown value
RSP=0x000000000221bd18 is pointing into the stack for thread: 0x0000000002225000
RBP=0x000000000221bd98 is pointing into the stack for thread: 0x0000000002225000
RSI=0x0000000000000006 is an unknown value
RDI=0x0000000000000000 is an unknown value
R8 =0x0000000000000009 is an unknown value
R9 =0x000000000082d1d0 is an unknown value
R10=0x0000000061b04800 is an unknown value
R11=0x000000000221bd00 is pointing into the stack for thread: 0x0000000002225000
R12=0x0000000000000000 is an unknown value
R13=0x000000001c314164 is pointing into metadata
R14=0x000000000221bdb8 is pointing into the stack for thread: 0x0000000002225000
R15=0x0000000002225000 is a thread


Stack: [0x0000000002120000,0x0000000002220000],  sp=0x000000000221bd18,  free space=1007k
Native frames: (J=compiled Java code, j=interpreted, Vv=VM code, C=native code)
C  0x00000000023450b7

Java frames: (J=compiled Java code, j=interpreted, Vv=VM code)
j  org.hibernate.jmx.internal.JmxServiceInitiator.initiateService(Ljava/util/Map;Lorg/hibernate/service/spi/ServiceRegistryImplementor;)Lorg/hibernate/jmx/spi/JmxService;+4
j  org.hibernate.jmx.internal.JmxServiceInitiator.initiateService(Ljava/util/Map;Lorg/hibernate/service/spi/ServiceRegistryImplementor;)Lorg/hibernate/service/Service;+3
j  org.hibernate.boot.registry.internal.StandardServiceRegistryImpl.initiateService(Lorg/hibernate/service/spi/ServiceInitiator;)Lorg/hibernate/service/Service;+9
j  org.hibernate.service.internal.AbstractServiceRegistryImpl.createService(Lorg/hibernate/service/spi/ServiceBinding;)Lorg/hibernate/service/Service;+26
j  org.hibernate.service.internal.AbstractServiceRegistryImpl.initializeService(Lorg/hibernate/service/spi/ServiceBinding;)Lorg/hibernate/service/Service;+30
j  org.hibernate.service.internal.AbstractServiceRegistryImpl.getService(Ljava/lang/Class;)Lorg/hibernate/service/Service;+88
j  org.hibernate.service.internal.SessionFactoryServiceRegistryImpl.getService(Ljava/lang/Class;)Lorg/hibernate/service/Service;+35
j  org.hibernate.service.internal.AbstractServiceRegistryImpl.startService(Lorg/hibernate/service/spi/ServiceBinding;)V+39
j  org.hibernate.service.internal.AbstractServiceRegistryImpl.initializeService(Lorg/hibernate/service/spi/ServiceBinding;)Lorg/hibernate/service/Service;+65
j  org.hibernate.service.internal.AbstractServiceRegistryImpl.getService(Ljava/lang/Class;)Lorg/hibernate/service/Service;+88
j  org.hibernate.service.internal.SessionFactoryServiceRegistryImpl.getService(Ljava/lang/Class;)Lorg/hibernate/service/Service;+35
j  org.hibernate.internal.SessionFactoryImpl.getStatistics()Lorg/hibernate/stat/spi/StatisticsImplementor;+15
j  org.hibernate.internal.SessionImpl.<init>(Lorg/hibernate/internal/SessionFactoryImpl;Lorg/hibernate/internal/SessionCreationOptions;)V+117
j  org.hibernate.internal.SessionFactoryImpl$SessionBuilderImpl.openSession()Lorg/hibernate/Session;+21
j  org.hibernate.internal.SessionFactoryImpl.buildEntityManager(Ljavax/persistence/SynchronizationType;Ljava/util/Map;)Lorg/hibernate/Session;+53
j  org.hibernate.internal.SessionFactoryImpl.createEntityManager()Lorg/hibernate/Session;+9
j  org.hibernate.internal.SessionFactoryImpl.createEntityManager()Ljavax/persistence/EntityManager;+1
v  ~StubRoutines::call_stub
J 2108  sun.reflect.NativeMethodAccessorImpl.invoke0(Ljava/lang/reflect/Method;Ljava/lang/Object;[Ljava/lang/Object;)Ljava/lang/Object; (0 bytes) @ 0x0000000002751d3f [0x0000000002751cc0+0x7f]
J 2107 C1 sun.reflect.NativeMethodAccessorImpl.invoke(Ljava/lang/Object;[Ljava/lang/Object;)Ljava/lang/Object; (104 bytes) @ 0x000000000275285c [0x00000000027524e0+0x37c]
J 1691 C1 sun.reflect.DelegatingMethodAccessorImpl.invoke(Ljava/lang/Object;[Ljava/lang/Object;)Ljava/lang/Object; (10 bytes) @ 0x00000000026a4724 [0x00000000026a46e0+0x44]
J 1690 C1 java.lang.reflect.Method.invoke(Ljava/lang/Object;[Ljava/lang/Object;)Ljava/lang/Object; (62 bytes) @ 0x00000000026a3714 [0x00000000026a3620+0xf4]
j  org.springframework.orm.jpa.AbstractEntityManagerFactoryBean.invokeProxyMethod(Ljava/lang/reflect/Method;[Ljava/lang/Object;)Ljava/lang/Object;+157
j  org.springframework.orm.jpa.AbstractEntityManagerFactoryBean$ManagedEntityManagerFactoryInvocationHandler.invoke(Ljava/lang/Object;Ljava/lang/reflect/Method;[Ljava/lang/Object;)Ljava/lang/Object;+98
j  com.sun.proxy.$Proxy81.createEntityManager()Ljavax/persistence/EntityManager;+9
j  org.springframework.orm.jpa.SharedEntityManagerCreator$SharedEntityManagerInvocationHandler.invoke(Ljava/lang/Object;Ljava/lang/reflect/Method;[Ljava/lang/Object;)Ljava/lang/Object;+481
j  com.sun.proxy.$Proxy83.getDelegate()Ljava/lang/Object;+9
j  org.springframework.data.jpa.provider.PersistenceProvider.fromEntityManager(Ljavax/persistence/EntityManager;)Lorg/springframework/data/jpa/provider/PersistenceProvider;+7
j  org.springframework.data.jpa.repository.support.JpaRepositoryFactory.<init>(Ljavax/persistence/EntityManager;)V+24
j  org.springframework.data.jpa.repository.support.JpaRepositoryFactoryBean.createRepositoryFactory(Ljavax/persistence/EntityManager;)Lorg/springframework/data/repository/core/support/RepositoryFactorySupport;+5
j  org.springframework.data.jpa.repository.support.JpaRepositoryFactoryBean.doCreateRepositoryFactory()Lorg/springframework/data/repository/core/support/RepositoryFactorySupport;+22
j  org.springframework.data.repository.core.support.TransactionalRepositoryFactoryBeanSupport.createRepositoryFactory()Lorg/springframework/data/repository/core/support/RepositoryFactorySupport;+1
j  org.springframework.data.repository.core.support.RepositoryFactoryBeanSupport.afterPropertiesSet()V+2
j  org.springframework.data.jpa.repository.support.JpaRepositoryFactoryBean.afterPropertiesSet()V+18
j  org.springframework.beans.factory.support.AbstractAutowireCapableBeanFactory.invokeInitMethods(Ljava/lang/String;Ljava/lang/Object;Lorg/springframework/beans/factory/support/RootBeanDefinition;)V+106
j  org.springframework.beans.factory.support.AbstractAutowireCapableBeanFactory.initializeBean(Ljava/lang/String;Ljava/lang/Object;Lorg/springframework/beans/factory/support/RootBeanDefinition;)Ljava/lang/Object;+59
j  org.springframework.beans.factory.support.AbstractAutowireCapableBeanFactory.doCreateBean(Ljava/lang/String;Lorg/springframework/beans/factory/support/RootBeanDefinition;[Ljava/lang/Object;)Ljava/lang/Object;+245
j  org.springframework.beans.factory.support.AbstractAutowireCapableBeanFactory.createBean(Ljava/lang/String;Lorg/springframework/beans/factory/support/RootBeanDefinition;[Ljava/lang/Object;)Ljava/lang/Object;+169
j  org.springframework.beans.factory.support.AbstractBeanFactory.lambda$doGetBean$0(Ljava/lang/String;Lorg/springframework/beans/factory/support/RootBeanDefinition;[Ljava/lang/Object;)Ljava/lang/Object;+4
j  org.springframework.beans.factory.support.AbstractBeanFactory$$Lambda$147.getObject()Ljava/lang/Object;+16
j  org.springframework.beans.factory.support.DefaultSingletonBeanRegistry.getSingleton(Ljava/lang/String;Lorg/springframework/beans/factory/ObjectFactory;)Ljava/lang/Object;+132
J 2243 C1 org.springframework.beans.factory.support.AbstractBeanFactory.doGetBean(Ljava/lang/String;Ljava/lang/Class;[Ljava/lang/Object;Z)Ljava/lang/Object; (833 bytes) @ 0x000000000278fe9c [0x000000000278f980+0x51c]
j  org.springframework.beans.factory.support.AbstractBeanFactory.getBean(Ljava/lang/String;)Ljava/lang/Object;+5
j  org.springframework.beans.factory.config.DependencyDescriptor.resolveCandidate(Ljava/lang/String;Ljava/lang/Class;Lorg/springframework/beans/factory/BeanFactory;)Ljava/lang/Object;+2
j  org.springframework.beans.factory.support.DefaultListableBeanFactory.doResolveDependency(Lorg/springframework/beans/factory/config/DependencyDescriptor;Ljava/lang/String;Ljava/util/Set;Lorg/springframework/beans/TypeConverter;)Ljava/lang/Object;+440
j  org.springframework.beans.factory.support.DefaultListableBeanFactory.resolveDependency(Lorg/springframework/beans/factory/config/DependencyDescriptor;Ljava/lang/String;Ljava/util/Set;Lorg/springframework/beans/TypeConverter;)Ljava/lang/Object;+108
j  org.springframework.beans.factory.annotation.AutowiredAnnotationBeanPostProcessor$AutowiredFieldElement.inject(Ljava/lang/Object;Ljava/lang/String;Lorg/springframework/beans/PropertyValues;)V+115
j  org.springframework.beans.factory.annotation.InjectionMetadata.inject(Ljava/lang/Object;Ljava/lang/String;Lorg/springframework/beans/PropertyValues;)V+116
j  org.springframework.beans.factory.annotation.AutowiredAnnotationBeanPostProcessor.postProcessProperties(Lorg/springframework/beans/PropertyValues;Ljava/lang/Object;Ljava/lang/String;)Lorg/springframework/beans/PropertyValues;+17
j  org.springframework.beans.factory.support.AbstractAutowireCapableBeanFactory.populateBean(Ljava/lang/String;Lorg/springframework/beans/factory/support/RootBeanDefinition;Lorg/springframework/beans/BeanWrapper;)V+289
j  org.springframework.beans.factory.support.AbstractAutowireCapableBeanFactory.doCreateBean(Ljava/lang/String;Lorg/springframework/beans/factory/support/RootBeanDefinition;[Ljava/lang/Object;)Ljava/lang/Object;+237
j  org.springframework.beans.factory.support.AbstractAutowireCapableBeanFactory.createBean(Ljava/lang/String;Lorg/springframework/beans/factory/support/RootBeanDefinition;[Ljava/lang/Object;)Ljava/lang/Object;+169
j  org.springframework.beans.factory.support.AbstractBeanFactory.lambda$doGetBean$0(Ljava/lang/String;Lorg/springframework/beans/factory/support/RootBeanDefinition;[Ljava/lang/Object;)Ljava/lang/Object;+4
j  org.springframework.beans.factory.support.AbstractBeanFactory$$Lambda$147.getObject()Ljava/lang/Object;+16
j  org.springframework.beans.factory.support.DefaultSingletonBeanRegistry.getSingleton(Ljava/lang/String;Lorg/springframework/beans/factory/ObjectFactory;)Ljava/lang/Object;+132
J 2243 C1 org.springframework.beans.factory.support.AbstractBeanFactory.doGetBean(Ljava/lang/String;Ljava/lang/Class;[Ljava/lang/Object;Z)Ljava/lang/Object; (833 bytes) @ 0x000000000278fe9c [0x000000000278f980+0x51c]
j  org.springframework.beans.factory.support.AbstractBeanFactory.getBean(Ljava/lang/String;)Ljava/lang/Object;+5
j  org.springframework.beans.factory.config.DependencyDescriptor.resolveCandidate(Ljava/lang/String;Ljava/lang/Class;Lorg/springframework/beans/factory/BeanFactory;)Ljava/lang/Object;+2
j  org.springframework.beans.factory.support.DefaultListableBeanFactory.doResolveDependency(Lorg/springframework/beans/factory/config/DependencyDescriptor;Ljava/lang/String;Ljava/util/Set;Lorg/springframework/beans/TypeConverter;)Ljava/lang/Object;+440
j  org.springframework.beans.factory.support.DefaultListableBeanFactory.resolveDependency(Lorg/springframework/beans/factory/config/DependencyDescriptor;Ljava/lang/String;Ljava/util/Set;Lorg/springframework/beans/TypeConverter;)Ljava/lang/Object;+108
j  org.springframework.beans.factory.annotation.AutowiredAnnotationBeanPostProcessor$AutowiredFieldElement.inject(Ljava/lang/Object;Ljava/lang/String;Lorg/springframework/beans/PropertyValues;)V+115
j  org.springframework.beans.factory.annotation.InjectionMetadata.inject(Ljava/lang/Object;Ljava/lang/String;Lorg/springframework/beans/PropertyValues;)V+116
j  org.springframework.beans.factory.annotation.AutowiredAnnotationBeanPostProcessor.postProcessProperties(Lorg/springframework/beans/PropertyValues;Ljava/lang/Object;Ljava/lang/String;)Lorg/springframework/beans/PropertyValues;+17
j  org.springframework.beans.factory.support.AbstractAutowireCapableBeanFactory.populateBean(Ljava/lang/String;Lorg/springframework/beans/factory/support/RootBeanDefinition;Lorg/springframework/beans/BeanWrapper;)V+289
j  org.springframework.beans.factory.support.AbstractAutowireCapableBeanFactory.doCreateBean(Ljava/lang/String;Lorg/springframework/beans/factory/support/RootBeanDefinition;[Ljava/lang/Object;)Ljava/lang/Object;+237
j  org.springframework.beans.factory.support.AbstractAutowireCapableBeanFactory.createBean(Ljava/lang/String;Lorg/springframework/beans/factory/support/RootBeanDefinition;[Ljava/lang/Object;)Ljava/lang/Object;+169
j  org.springframework.beans.factory.support.AbstractBeanFactory.lambda$doGetBean$0(Ljava/lang/String;Lorg/springframework/beans/factory/support/RootBeanDefinition;[Ljava/lang/Object;)Ljava/lang/Object;+4
j  org.springframework.beans.factory.support.AbstractBeanFactory$$Lambda$147.getObject()Ljava/lang/Object;+16
j  org.springframework.beans.factory.support.DefaultSingletonBeanRegistry.getSingleton(Ljava/lang/String;Lorg/springframework/beans/factory/ObjectFactory;)Ljava/lang/Object;+132
J 2243 C1 org.springframework.beans.factory.support.AbstractBeanFactory.doGetBean(Ljava/lang/String;Ljava/lang/Class;[Ljava/lang/Object;Z)Ljava/lang/Object; (833 bytes) @ 0x000000000278fe9c [0x000000000278f980+0x51c]
j  org.springframework.beans.factory.support.AbstractBeanFactory.getBean(Ljava/lang/String;)Ljava/lang/Object;+5
j  org.springframework.beans.factory.support.DefaultListableBeanFactory.preInstantiateSingletons()V+248
j  org.springframework.context.support.AbstractApplicationContext.finishBeanFactoryInitialization(Lorg/springframework/beans/factory/config/ConfigurableListableBeanFactory;)V+124
j  org.springframework.context.support.AbstractApplicationContext.refresh()V+54
j  org.springframework.boot.web.servlet.context.ServletWebServerApplicationContext.refresh()V+1
j  org.springframework.boot.SpringApplication.refresh(Lorg/springframework/context/ApplicationContext;)V+10
j  org.springframework.boot.SpringApplication.refreshContext(Lorg/springframework/context/ConfigurableApplicationContext;)V+2
j  org.springframework.boot.SpringApplication.run([Ljava/lang/String;)Lorg/springframework/context/ConfigurableApplicationContext;+118
j  org.springframework.boot.SpringApplication.run([Ljava/lang/Class;[Ljava/lang/String;)Lorg/springframework/context/ConfigurableApplicationContext;+9
j  org.springframework.boot.SpringApplication.run(Ljava/lang/Class;[Ljava/lang/String;)Lorg/springframework/context/ConfigurableApplicationContext;+9
j  com.p_to_m_customers.PToMCustomerApplication.main([Ljava/lang/String;)V+3
v  ~StubRoutines::call_stub

---------------  P R O C E S S  ---------------

Java Threads: ( => current thread )
  0x000000001afc4000 JavaThread "HikariPool-1 housekeeper" daemon [_thread_blocked, id=420, stack(0x000000001cb90000,0x000000001cc90000)]
  0x000000001a983800 JavaThread "mysql-cj-abandoned-connection-cleanup" daemon [_thread_blocked, id=4184, stack(0x000000001c190000,0x000000001c290000)]
  0x00000000189b4800 JavaThread "container-0" [_thread_blocked, id=3856, stack(0x000000001c090000,0x000000001c190000)]
  0x00000000189b3800 JavaThread "Catalina-utility-2" [_thread_blocked, id=6820, stack(0x000000001bf90000,0x000000001c090000)]
  0x0000000019261800 JavaThread "Catalina-utility-1" [_thread_blocked, id=6012, stack(0x0000000019ec0000,0x0000000019fc0000)]
  0x0000000019101800 JavaThread "RMI TCP Accept-0" daemon [_thread_in_native, id=4468, stack(0x00000000198e0000,0x00000000199e0000)]
  0x00000000190fc800 JavaThread "RMI TCP Accept-51750" daemon [_thread_in_native, id=6088, stack(0x00000000197e0000,0x00000000198e0000)]
  0x00000000190f1800 JavaThread "RMI TCP Accept-0" daemon [_thread_in_native, id=4712, stack(0x00000000196e0000,0x00000000197e0000)]
  0x0000000016dcc000 JavaThread "Service Thread" daemon [_thread_blocked, id=1772, stack(0x0000000018aa0000,0x0000000018ba0000)]
  0x0000000016d89800 JavaThread "C1 CompilerThread2" daemon [_thread_blocked, id=4388, stack(0x00000000185a0000,0x00000000186a0000)]
  0x0000000016d7c000 JavaThread "C2 CompilerThread1" daemon [_thread_blocked, id=828, stack(0x00000000184a0000,0x00000000185a0000)]
  0x0000000016d72000 JavaThread "C2 CompilerThread0" daemon [_thread_blocked, id=5196, stack(0x00000000183a0000,0x00000000184a0000)]
  0x0000000016d70800 JavaThread "Attach Listener" daemon [_thread_blocked, id=6520, stack(0x00000000182a0000,0x00000000183a0000)]
  0x0000000016d6f800 JavaThread "Signal Dispatcher" daemon [_thread_blocked, id=4548, stack(0x00000000181a0000,0x00000000182a0000)]
  0x0000000016d5a800 JavaThread "Finalizer" daemon [_thread_blocked, id=5148, stack(0x0000000017fc0000,0x00000000180c0000)]
  0x0000000002314000 JavaThread "Reference Handler" daemon [_thread_blocked, id=4004, stack(0x0000000017ec0000,0x0000000017fc0000)]
=>0x0000000002225000 JavaThread "main" [_thread_in_Java, id=3760, stack(0x0000000002120000,0x0000000002220000)]

Other Threads:
  0x0000000016d37800 VMThread [stack: 0x0000000017dc0000,0x0000000017ec0000] [id=928]
  0x0000000019102800 WatcherThread [stack: 0x00000000199e0000,0x0000000019ae0000] [id=6724]

VM state:not at safepoint (normal execution)

VM Mutex/Monitor currently owned by a thread: None

heap address: 0x0000000083200000, size: 1998 MB, Compressed Oops mode: 32-bit
Narrow klass base: 0x0000000000000000, Narrow klass shift: 3
Compressed class space size: 1073741824 Address: 0x0000000100000000

Heap:
 PSYoungGen      total 195584K, used 119606K [0x00000000d6600000, 0x00000000e5980000, 0x0000000100000000)
  eden space 183296K, 65% used [0x00000000d6600000,0x00000000ddacd830,0x00000000e1900000)
  from space 12288K, 0% used [0x00000000e2480000,0x00000000e2480000,0x00000000e3080000)
  to   space 11776K, 0% used [0x00000000e1900000,0x00000000e1900000,0x00000000e2480000)
 ParOldGen       total 72704K, used 12001K [0x0000000083200000, 0x0000000087900000, 0x00000000d6600000)
  object space 72704K, 16% used [0x0000000083200000,0x0000000083db8770,0x0000000087900000)
 Metaspace       used 45723K, capacity 47644K, committed 47872K, reserved 1089536K
  class space    used 6426K, capacity 6791K, committed 6912K, reserved 1048576K

Card table byte_map: [0x00000000116e0000,0x0000000011ad0000] byte_map_base: 0x00000000112c7000

Marking Bits: (ParMarkBitMap*) 0x0000000061b1be30
 Begin Bits: [0x0000000012170000, 0x00000000140a8000)
 End Bits:   [0x00000000140a8000, 0x0000000015fe0000)

Polling page: 0x0000000000810000

CodeCache: size=245760Kb used=7193Kb max_used=7193Kb free=238566Kb
 bounds [0x0000000002320000, 0x0000000002a30000, 0x0000000011320000]
 total_blobs=4161 nmethods=3595 adapters=479
 compilation: enabled

Compilation events (10 events):
Event: 35.752 Thread 0x0000000016d89800 3622       1       java.lang.invoke.DelegatingMethodHandle::<init> (10 bytes)
Event: 35.754 Thread 0x0000000016d89800 nmethod 3622 0x0000000002a253d0 code [0x0000000002a25560, 0x0000000002a257a8]
Event: 35.754 Thread 0x0000000016d89800 3623       1       java.lang.invoke.DelegatingMethodHandle::chooseDelegatingForm (24 bytes)
Event: 35.755 Thread 0x0000000016d89800 nmethod 3623 0x0000000002a25990 code [0x0000000002a25b00, 0x0000000002a25c88]
Event: 36.012 Thread 0x0000000016d89800 3626       1       java.util.SubList$1::hasNext (20 bytes)
Event: 36.013 Thread 0x0000000016d89800 nmethod 3626 0x0000000002a25f50 code [0x0000000002a260c0, 0x0000000002a26228]
Event: 36.013 Thread 0x0000000016d89800 3625       1       java.util.SubList::checkForComodification (23 bytes)
Event: 36.014 Thread 0x0000000016d89800 nmethod 3625 0x0000000002a26310 code [0x0000000002a26480, 0x0000000002a26608]
Event: 36.014 Thread 0x0000000016d89800 3627       1       java.lang.invoke.LambdaFormEditor$Transform::equals (32 bytes)
Event: 36.014 Thread 0x0000000016d89800 nmethod 3627 0x0000000002a266d0 code [0x0000000002a26820, 0x0000000002a26988]

GC Heap History (10 events):
Event: 12.556 GC heap before
{Heap before GC invocations=6 (full 1):
 PSYoungGen      total 70656K, used 5114K [0x00000000d6600000, 0x00000000df800000, 0x0000000100000000)
  eden space 65536K, 0% used [0x00000000d6600000,0x00000000d6600000,0x00000000da600000)
  from space 5120K, 99% used [0x00000000da600000,0x00000000daafe8c0,0x00000000dab00000)
  to   space 9216K, 0% used [0x00000000def00000,0x00000000def00000,0x00000000df800000)
 ParOldGen       total 86016K, used 6890K [0x0000000083200000, 0x0000000088600000, 0x00000000d6600000)
  object space 86016K, 8% used [0x0000000083200000,0x00000000838baa70,0x0000000088600000)
 Metaspace       used 20390K, capacity 21096K, committed 21248K, reserved 1067008K
  class space    used 2771K, capacity 2975K, committed 3072K, reserved 1048576K
Event: 12.756 GC heap after
Heap after GC invocations=6 (full 1):
 PSYoungGen      total 70656K, used 0K [0x00000000d6600000, 0x00000000df800000, 0x0000000100000000)
  eden space 65536K, 0% used [0x00000000d6600000,0x00000000d6600000,0x00000000da600000)
  from space 5120K, 0% used [0x00000000da600000,0x00000000da600000,0x00000000dab00000)
  to   space 9216K, 0% used [0x00000000def00000,0x00000000def00000,0x00000000df800000)
 ParOldGen       total 51200K, used 5805K [0x0000000083200000, 0x0000000086400000, 0x00000000d6600000)
  object space 51200K, 11% used [0x0000000083200000,0x00000000837ab790,0x0000000086400000)
 Metaspace       used 20389K, capacity 21090K, committed 21248K, reserved 1067008K
  class space    used 2771K, capacity 2974K, committed 3072K, reserved 1048576K
}
Event: 18.238 GC heap before
{Heap before GC invocations=7 (full 1):
 PSYoungGen      total 70656K, used 65536K [0x00000000d6600000, 0x00000000df800000, 0x0000000100000000)
  eden space 65536K, 100% used [0x00000000d6600000,0x00000000da600000,0x00000000da600000)
  from space 5120K, 0% used [0x00000000da600000,0x00000000da600000,0x00000000dab00000)
  to   space 9216K, 0% used [0x00000000def00000,0x00000000def00000,0x00000000df800000)
 ParOldGen       total 51200K, used 5805K [0x0000000083200000, 0x0000000086400000, 0x00000000d6600000)
  object space 51200K, 11% used [0x0000000083200000,0x00000000837ab790,0x0000000086400000)
 Metaspace       used 24719K, capacity 25932K, committed 26112K, reserved 1071104K
  class space    used 3442K, capacity 3727K, committed 3840K, reserved 1048576K
Event: 18.273 GC heap after
Heap after GC invocations=7 (full 1):
 PSYoungGen      total 119808K, used 8267K [0x00000000d6600000, 0x00000000df780000, 0x0000000100000000)
  eden space 111104K, 0% used [0x00000000d6600000,0x00000000d6600000,0x00000000dd280000)
  from space 8704K, 94% used [0x00000000def00000,0x00000000df712f08,0x00000000df780000)
  to   space 9728K, 0% used [0x00000000de480000,0x00000000de480000,0x00000000dee00000)
 ParOldGen       total 51200K, used 5813K [0x0000000083200000, 0x0000000086400000, 0x00000000d6600000)
  object space 51200K, 11% used [0x0000000083200000,0x00000000837ad790,0x0000000086400000)
 Metaspace       used 24719K, capacity 25932K, committed 26112K, reserved 1071104K
  class space    used 3442K, capacity 3727K, committed 3840K, reserved 1048576K
}
Event: 24.767 GC heap before
{Heap before GC invocations=8 (full 1):
 PSYoungGen      total 119808K, used 119371K [0x00000000d6600000, 0x00000000df780000, 0x0000000100000000)
  eden space 111104K, 100% used [0x00000000d6600000,0x00000000dd280000,0x00000000dd280000)
  from space 8704K, 94% used [0x00000000def00000,0x00000000df712f08,0x00000000df780000)
  to   space 9728K, 0% used [0x00000000de480000,0x00000000de480000,0x00000000dee00000)
 ParOldGen       total 51200K, used 5813K [0x0000000083200000, 0x0000000086400000, 0x00000000d6600000)
  object space 51200K, 11% used [0x0000000083200000,0x00000000837ad790,0x0000000086400000)
 Metaspace       used 32850K, capacity 34612K, committed 34816K, reserved 1079296K
  class space    used 4703K, capacity 5059K, committed 5120K, reserved 1048576K
Event: 24.822 GC heap after
Heap after GC invocations=8 (full 1):
 PSYoungGen      total 139264K, used 9721K [0x00000000d6600000, 0x00000000e3080000, 0x0000000100000000)
  eden space 129536K, 0% used [0x00000000d6600000,0x00000000d6600000,0x00000000de480000)
  from space 9728K, 99% used [0x00000000de480000,0x00000000dedfe4a8,0x00000000dee00000)
  to   space 12288K, 0% used [0x00000000e2480000,0x00000000e2480000,0x00000000e3080000)
 ParOldGen       total 51200K, used 8782K [0x0000000083200000, 0x0000000086400000, 0x00000000d6600000)
  object space 51200K, 17% used [0x0000000083200000,0x0000000083a938b0,0x0000000086400000)
 Metaspace       used 32850K, capacity 34612K, committed 34816K, reserved 1079296K
  class space    used 4703K, capacity 5059K, committed 5120K, reserved 1048576K
}
Event: 25.143 GC heap before
{Heap before GC invocations=9 (full 1):
 PSYoungGen      total 139264K, used 16909K [0x00000000d6600000, 0x00000000e3080000, 0x0000000100000000)
  eden space 129536K, 5% used [0x00000000d6600000,0x00000000d6d04f70,0x00000000de480000)
  from space 9728K, 99% used [0x00000000de480000,0x00000000dedfe4a8,0x00000000dee00000)
  to   space 12288K, 0% used [0x00000000e2480000,0x00000000e2480000,0x00000000e3080000)
 ParOldGen       total 51200K, used 8782K [0x0000000083200000, 0x0000000086400000, 0x00000000d6600000)
  object space 51200K, 17% used [0x0000000083200000,0x0000000083a938b0,0x0000000086400000)
 Metaspace       used 33627K, capacity 35346K, committed 35416K, reserved 1079296K
  class space    used 4776K, capacity 5104K, committed 5120K, reserved 1048576K
Event: 25.178 GC heap after
Heap after GC invocations=9 (full 1):
 PSYoungGen      total 195584K, used 7281K [0x00000000d6600000, 0x00000000e5980000, 0x0000000100000000)
  eden space 183296K, 0% used [0x00000000d6600000,0x00000000d6600000,0x00000000e1900000)
  from space 12288K, 59% used [0x00000000e2480000,0x00000000e2b9c740,0x00000000e3080000)
  to   space 11776K, 0% used [0x00000000e1900000,0x00000000e1900000,0x00000000e2480000)
 ParOldGen       total 51200K, used 8790K [0x0000000083200000, 0x0000000086400000, 0x00000000d6600000)
  object space 51200K, 17% used [0x0000000083200000,0x0000000083a958b0,0x0000000086400000)
 Metaspace       used 33627K, capacity 35346K, committed 35416K, reserved 1079296K
  class space    used 4776K, capacity 5104K, committed 5120K, reserved 1048576K
}
Event: 25.179 GC heap before
{Heap before GC invocations=10 (full 2):
 PSYoungGen      total 195584K, used 7281K [0x00000000d6600000, 0x00000000e5980000, 0x0000000100000000)
  eden space 183296K, 0% used [0x00000000d6600000,0x00000000d6600000,0x00000000e1900000)
  from space 12288K, 59% used [0x00000000e2480000,0x00000000e2b9c740,0x00000000e3080000)
  to   space 11776K, 0% used [0x00000000e1900000,0x00000000e1900000,0x00000000e2480000)
 ParOldGen       total 51200K, used 8790K [0x0000000083200000, 0x0000000086400000, 0x00000000d6600000)
  object space 51200K, 17% used [0x0000000083200000,0x0000000083a958b0,0x0000000086400000)
 Metaspace       used 33627K, capacity 35346K, committed 35416K, reserved 1079296K
  class space    used 4776K, capacity 5104K, committed 5120K, reserved 1048576K
Event: 25.625 GC heap after
Heap after GC invocations=10 (full 2):
 PSYoungGen      total 195584K, used 0K [0x00000000d6600000, 0x00000000e5980000, 0x0000000100000000)
  eden space 183296K, 0% used [0x00000000d6600000,0x00000000d6600000,0x00000000e1900000)
  from space 12288K, 0% used [0x00000000e2480000,0x00000000e2480000,0x00000000e3080000)
  to   space 11776K, 0% used [0x00000000e1900000,0x00000000e1900000,0x00000000e2480000)
 ParOldGen       total 72704K, used 12001K [0x0000000083200000, 0x0000000087900000, 0x00000000d6600000)
  object space 72704K, 16% used [0x0000000083200000,0x0000000083db8770,0x0000000087900000)
 Metaspace       used 33627K, capacity 35346K, committed 35416K, reserved 1079296K
  class space    used 4776K, capacity 5104K, committed 5120K, reserved 1048576K
}

Deoptimization events (0 events):
No events

Classes redefined (0 events):
No events

Internal exceptions (10 events):
Event: 35.640 Thread 0x0000000002225000 Exception <a 'java/lang/ArrayIndexOutOfBoundsException'> (0x00000000dd159740) thrown at [C:\ade\jenkins\workspace\8-2-build-windows-amd64-cygwin\jdk8u241\331\hotspot\src\share\vm\runtime\sharedRuntime.cpp, line 605]
Event: 35.641 Thread 0x0000000002225000 Exception <a 'java/lang/ArrayIndexOutOfBoundsException'> (0x00000000dd15a6f8) thrown at [C:\ade\jenkins\workspace\8-2-build-windows-amd64-cygwin\jdk8u241\331\hotspot\src\share\vm\runtime\sharedRuntime.cpp, line 605]
Event: 35.643 Thread 0x0000000002225000 Exception <a 'java/lang/ArrayIndexOutOfBoundsException'> (0x00000000dd15f2a8) thrown at [C:\ade\jenkins\workspace\8-2-build-windows-amd64-cygwin\jdk8u241\331\hotspot\src\share\vm\runtime\sharedRuntime.cpp, line 605]
Event: 35.644 Thread 0x0000000002225000 Exception <a 'java/lang/ArrayIndexOutOfBoundsException'> (0x00000000dd162aa8) thrown at [C:\ade\jenkins\workspace\8-2-build-windows-amd64-cygwin\jdk8u241\331\hotspot\src\share\vm\runtime\sharedRuntime.cpp, line 605]
Event: 35.644 Thread 0x0000000002225000 Exception <a 'java/lang/ArrayIndexOutOfBoundsException'> (0x00000000dd1641d8) thrown at [C:\ade\jenkins\workspace\8-2-build-windows-amd64-cygwin\jdk8u241\331\hotspot\src\share\vm\runtime\sharedRuntime.cpp, line 605]
Event: 35.645 Thread 0x0000000002225000 Exception <a 'java/lang/ArrayIndexOutOfBoundsException'> (0x00000000dd165ae0) thrown at [C:\ade\jenkins\workspace\8-2-build-windows-amd64-cygwin\jdk8u241\331\hotspot\src\share\vm\runtime\sharedRuntime.cpp, line 605]
Event: 35.646 Thread 0x0000000002225000 Exception <a 'java/lang/ArrayIndexOutOfBoundsException'> (0x00000000dd167030) thrown at [C:\ade\jenkins\workspace\8-2-build-windows-amd64-cygwin\jdk8u241\331\hotspot\src\share\vm\runtime\sharedRuntime.cpp, line 605]
Event: 35.646 Thread 0x0000000002225000 Exception <a 'java/lang/ArrayIndexOutOfBoundsException'> (0x00000000dd168158) thrown at [C:\ade\jenkins\workspace\8-2-build-windows-amd64-cygwin\jdk8u241\331\hotspot\src\share\vm\runtime\sharedRuntime.cpp, line 605]
Event: 35.648 Thread 0x0000000002225000 Exception <a 'java/lang/ArrayIndexOutOfBoundsException'> (0x00000000dd16b1c8) thrown at [C:\ade\jenkins\workspace\8-2-build-windows-amd64-cygwin\jdk8u241\331\hotspot\src\share\vm\runtime\sharedRuntime.cpp, line 605]
Event: 35.753 Thread 0x0000000002225000 Exception <a 'java/lang/NoSuchMethodError': java.lang.Object.lambda$map$1(Ljava/util/function/Function;)Ljava/util/stream/Stream;> (0x00000000dd2993f8) thrown at [C:\ade\jenkins\workspace\8-2-build-windows-amd64-cygwin\jdk8u241\331\hotspot\src\share\vm\in

Events (10 events):
Event: 36.305 loading class org/hibernate/stat/CacheRegionStatistics
Event: 36.305 loading class org/hibernate/stat/CacheRegionStatistics done
Event: 36.307 loading class org/hibernate/stat/internal/CacheRegionStatisticsImpl
Event: 36.307 loading class org/hibernate/stat/internal/CacheRegionStatisticsImpl done
Event: 36.309 loading class org/hibernate/stat/SecondLevelCacheStatistics
Event: 36.309 loading class org/hibernate/stat/SecondLevelCacheStatistics done
Event: 36.312 loading class org/hibernate/stat/internal/DeprecatedNaturalIdCacheStatisticsImpl
Event: 36.312 loading class org/hibernate/stat/internal/DeprecatedNaturalIdCacheStatisticsImpl done
Event: 36.314 loading class org/hibernate/stat/NaturalIdCacheStatistics
Event: 36.314 loading class org/hibernate/stat/NaturalIdCacheStatistics done


Dynamic libraries:
0x00007ff6f0ae0000 - 0x00007ff6f0b17000 	C:\Program Files\Java\jre1.8.0_241\bin\javaw.exe
0x00007ffa01590000 - 0x00007ffa01752000 	C:\Windows\SYSTEM32\ntdll.dll
0x00007ffa01480000 - 0x00007ffa0152d000 	C:\Windows\system32\KERNEL32.DLL
0x00007ff9fe750000 - 0x00007ff9fe92d000 	C:\Windows\system32\KERNELBASE.dll
0x00007ff9ff8a0000 - 0x00007ff9ff946000 	C:\Windows\system32\ADVAPI32.dll
0x00007ff9ffce0000 - 0x00007ff9ffd7d000 	C:\Windows\system32\msvcrt.dll
0x00007ffa01530000 - 0x00007ffa0158b000 	C:\Windows\system32\sechost.dll
0x00007ff9ff470000 - 0x00007ff9ff596000 	C:\Windows\system32\RPCRT4.dll
0x00007ff9ffa00000 - 0x00007ff9ffb4e000 	C:\Windows\system32\USER32.dll
0x00007ff9ffb50000 - 0x00007ff9ffcd5000 	C:\Windows\system32\GDI32.dll
0x00007ff9efd20000 - 0x00007ff9eff94000 	C:\Windows\WinSxS\amd64_microsoft.windows.common-controls_6595b64144ccf1df_6.0.10240.16384_none_f41f7b285750ef43\COMCTL32.dll
0x00007ff9ff3c0000 - 0x00007ff9ff3f6000 	C:\Windows\system32\IMM32.DLL
0x00007ff9fec60000 - 0x00007ff9fedbc000 	C:\Windows\system32\MSCTF.dll
0x0000000061210000 - 0x00000000612e2000 	C:\Program Files\Java\jre1.8.0_241\bin\msvcr100.dll
0x00000000612f0000 - 0x0000000061b9c000 	C:\Program Files\Java\jre1.8.0_241\bin\server\jvm.dll
0x00007ff9fff40000 - 0x00007ff9fff48000 	C:\Windows\system32\PSAPI.DLL
0x00007ff9edd50000 - 0x00007ff9edd73000 	C:\Windows\SYSTEM32\WINMM.dll
0x00007ff9fc5c0000 - 0x00007ff9fc5ca000 	C:\Windows\SYSTEM32\VERSION.dll
0x0000000000850000 - 0x000000000087c000 	C:\Windows\SYSTEM32\WINMMBASE.dll
0x00007ff9f9cd0000 - 0x00007ff9f9cd9000 	C:\Windows\SYSTEM32\WSOCK32.dll
0x00007ff9ff5a0000 - 0x00007ff9ff609000 	C:\Windows\system32\WS2_32.dll
0x00007ff9ff890000 - 0x00007ff9ff898000 	C:\Windows\system32\NSI.dll
0x00007ff9fec10000 - 0x00007ff9fec54000 	C:\Windows\system32\cfgmgr32.dll
0x00007ff9fdcc0000 - 0x00007ff9fdce7000 	C:\Windows\SYSTEM32\DEVOBJ.dll
0x00007ff9f5cd0000 - 0x00007ff9f5cdf000 	C:\Program Files\Java\jre1.8.0_241\bin\verify.dll
0x00007ff9f2070000 - 0x00007ff9f2099000 	C:\Program Files\Java\jre1.8.0_241\bin\java.dll
0x00007ff9f33d0000 - 0x00007ff9f33e6000 	C:\Program Files\Java\jre1.8.0_241\bin\zip.dll
0x00007ff9fff50000 - 0x00007ffa01475000 	C:\Windows\system32\SHELL32.dll
0x00007ff9fe060000 - 0x00007ff9fe688000 	C:\Windows\system32\windows.storage.dll
0x00007ff9ff610000 - 0x00007ff9ff88c000 	C:\Windows\system32\combase.dll
0x00007ff9feec0000 - 0x00007ff9fef11000 	C:\Windows\system32\shlwapi.dll
0x00007ff9fdfc0000 - 0x00007ff9fdfcf000 	C:\Windows\system32\kernel.appcore.dll
0x00007ff9fe690000 - 0x00007ff9fe743000 	C:\Windows\system32\shcore.dll
0x00007ff9fdff0000 - 0x00007ff9fe03a000 	C:\Windows\system32\powrprof.dll
0x00007ff9fe040000 - 0x00007ff9fe053000 	C:\Windows\system32\profapi.dll
0x00007ff9f5c70000 - 0x00007ff9f5c7d000 	C:\Program Files\Java\jre1.8.0_241\bin\management.dll
0x00007ff9f2bf0000 - 0x00007ff9f2c0a000 	C:\Program Files\Java\jre1.8.0_241\bin\net.dll
0x00007ff9fd520000 - 0x00007ff9fd57d000 	C:\Windows\system32\mswsock.dll
0x00007ff9f2050000 - 0x00007ff9f2062000 	C:\Program Files\Java\jre1.8.0_241\bin\nio.dll
0x00007ff9f1ca0000 - 0x00007ff9f1cb5000 	C:\Windows\system32\napinsp.dll
0x00007ff9f1d10000 - 0x00007ff9f1d2a000 	C:\Windows\system32\pnrpnsp.dll
0x00007ff9fb520000 - 0x00007ff9fb538000 	C:\Windows\system32\NLAapi.dll
0x00007ff9fd320000 - 0x00007ff9fd3c8000 	C:\Windows\SYSTEM32\DNSAPI.dll
0x00007ff9f2230000 - 0x00007ff9f223d000 	C:\Windows\System32\winrnr.dll
0x00007ff9f6ef0000 - 0x00007ff9f6efa000 	C:\Windows\System32\rasadhlp.dll
0x00007ff9f98c0000 - 0x00007ff9f98f8000 	C:\Windows\SYSTEM32\IPHLPAPI.DLL
0x00007ff9f98b0000 - 0x00007ff9f98bb000 	C:\Windows\SYSTEM32\WINNSI.DLL
0x00007ff9f97f0000 - 0x00007ff9f9858000 	C:\Windows\System32\fwpuclnt.dll
0x00007ff9fdcf0000 - 0x00007ff9fdd18000 	C:\Windows\SYSTEM32\bcrypt.dll
0x00007ff9fd580000 - 0x00007ff9fd597000 	C:\Windows\SYSTEM32\CRYPTSP.dll
0x00007ff9fd1d0000 - 0x00007ff9fd203000 	C:\Windows\system32\rsaenh.dll
0x00007ff9fd2c0000 - 0x00007ff9fd2df000 	C:\Windows\SYSTEM32\USERENV.dll
0x00007ff9fde10000 - 0x00007ff9fde7b000 	C:\Windows\system32\bcryptprimitives.dll
0x00007ff9fd6f0000 - 0x00007ff9fd6fb000 	C:\Windows\SYSTEM32\CRYPTBASE.dll
0x00007ff9fc600000 - 0x00007ff9fc616000 	C:\Windows\SYSTEM32\dhcpcsvc6.DLL
0x00007ff9fc850000 - 0x00007ff9fc86a000 	C:\Windows\SYSTEM32\dhcpcsvc.DLL
0x00007ff9e3e10000 - 0x00007ff9e3e34000 	C:\Program Files\Java\jre1.8.0_241\bin\sunec.dll
0x00007ff9f1270000 - 0x00007ff9f127b000 	C:\Program Files\Java\jre1.8.0_241\bin\sunmscapi.dll
0x00007ff9fe930000 - 0x00007ff9feaf1000 	C:\Windows\system32\CRYPT32.dll
0x00007ff9fdfd0000 - 0x00007ff9fdfe1000 	C:\Windows\system32\MSASN1.dll
0x00007ff9fdad0000 - 0x00007ff9fdc5a000 	C:\Windows\SYSTEM32\dbghelp.dll

VM Arguments:
jvm_args: -Dcom.sun.management.jmxremote -Dcom.sun.management.jmxremote.port=51750 -Dcom.sun.management.jmxremote.authenticate=false -Dcom.sun.management.jmxremote.ssl=false -Djava.rmi.server.hostname=localhost -Dspring.jmx.enabled=true -Dspring.liveBeansView.mbeanDomain -Dspring.application.admin.enabled=true -Xverify:none -XX:TieredStopAtLevel=1 -Dspring.boot.project.name=P-to-M-Customer -Dfile.encoding=UTF-8 
java_command: com.p_to_m_customers.PToMCustomerApplication --spring.output.ansi.enabled=always
java_class_path (initial): C:\Users\Mahima\Documents\workspace-sts-3.9.11.RELEASE\P-to-M-Customer\target\classes;C:\Users\Mahima\.m2\repository\org\springframework\boot\spring-boot-starter\2.2.5.RELEASE\spring-boot-starter-2.2.5.RELEASE.jar;C:\Users\Mahima\.m2\repository\org\springframework\boot\spring-boot\2.2.5.RELEASE\spring-boot-2.2.5.RELEASE.jar;C:\Users\Mahima\.m2\repository\org\springframework\spring-context\5.2.4.RELEASE\spring-context-5.2.4.RELEASE.jar;C:\Users\Mahima\.m2\repository\org\springframework\boot\spring-boot-autoconfigure\2.2.5.RELEASE\spring-boot-autoconfigure-2.2.5.RELEASE.jar;C:\Users\Mahima\.m2\repository\org\springframework\boot\spring-boot-starter-logging\2.2.5.RELEASE\spring-boot-starter-logging-2.2.5.RELEASE.jar;C:\Users\Mahima\.m2\repository\ch\qos\logback\logback-classic\1.2.3\logback-classic-1.2.3.jar;C:\Users\Mahima\.m2\repository\ch\qos\logback\logback-core\1.2.3\logback-core-1.2.3.jar;C:\Users\Mahima\.m2\repository\org\apache\logging\log4j\log4j-to-slf4j\2.12.1\log4j-to-slf4j-2.12.1.jar;C:\Users\Mahima\.m2\repository\org\apache\logging\log4j\log4j-api\2.12.1\log4j-api-2.12.1.jar;C:\Users\Mahima\.m2\repository\org\slf4j\jul-to-slf4j\1.7.30\jul-to-slf4j-1.7.30.jar;C:\Users\Mahima\.m2\repository\jakarta\annotation\jakarta.annotation-api\1.3.5\jakarta.annotation-api-1.3.5.jar;C:\Users\Mahima\.m2\repository\org\springframework\spring-core\5.2.4.RELEASE\spring-core-5.2.4.RELEASE.jar;C:\Users\Mahima\.m2\repository\org\springframework\spring-jcl\5.2.4.RELEASE\spring-jcl-5.2.4.RELEASE.jar;C:\Users\Mahima\.m2\repository\org\yaml\snakeyaml\1.25\snakeyaml-1.25.jar;C:\Users\Mahima\.m2\repository\com\googlecode\json-simple\json-simple\1.1.1\json-simple-1.1.1.jar;C:\Users\Mahima\.m2\repository\junit\junit\4.12\junit-4.12.jar;C:\Users\Mahima\.m2\repository\org\hamcrest\hamcrest-core\2.1\hamcrest-core-2.1.jar;C:\Users\Mahima\.m2\repository\org\springframework\boot\spring-boot-starter-web\2.2.5.RELEASE\spring-boot-starter-web-2.2.5.RELEASE.jar;C:\U
Launcher Type: SUN_STANDARD

Environment Variables:
PATH=C:/Program Files/Java/jre1.8.0_241/bin/server;C:/Program Files/Java/jre1.8.0_241/bin;C:/Program Files/Java/jre1.8.0_241/lib/amd64;C:\Program Files (x86)\Common Files\Oracle\Java\javapath;C:\Windows\system32;C:\Windows;C:\Windows\System32\Wbem;C:\Windows\System32\WindowsPowerShell\v1.0\;C:\Program Files\MySQL\MySQL Server 5.5\bin;D:\Softwares\Spring Tool Suite\spring-tool-suite-3.9.11.RELEASE-e4.14.0-win32-x86_64\sts-bundle\sts-3.9.11.RELEASE;
USERNAME=Mahima
OS=Windows_NT
PROCESSOR_IDENTIFIER=Intel64 Family 6 Model 37 Stepping 5, GenuineIntel



---------------  S Y S T E M  ---------------

OS: Windows 10.0 , 64 bit Build 10240 (10.0.10240.16384)

CPU:total 4 (initial active 4) (2 cores per cpu, 2 threads per core) family 6 model 37 stepping 5, cmov, cx8, fxsr, mmx, sse, sse2, sse3, ssse3, sse4.1, sse4.2, popcnt, aes, clmul, ht, tsc, tscinvbit

Memory: 4k page, physical 8182460k(3705956k free), swap 9493180k(4170208k free)

vm_info: Java HotSpot(TM) 64-Bit Server VM (25.241-b07) for windows-amd64 JRE (1.8.0_241-b07), built on Dec 11 2019 10:21:40 by "rejava" with MS VC++ 10.0 (VS2010)

time: Thu Mar 05 18:30:12 2020
timezone: India Standard Time
elapsed time: 36 seconds (0d 0h 0m 36s)

