#
# A fatal error has been detected by the Java Runtime Environment:
#
#  EXCEPTION_ACCESS_VIOLATION (0xc0000005) at pc=0x000000000316b4ac, pid=3596, tid=0x0000000000001e98
#
# JRE version: Java(TM) SE Runtime Environment (8.0_241-b07) (build 1.8.0_241-b07)
# Java VM: Java HotSpot(TM) 64-Bit Server VM (25.241-b07 mixed mode windows-amd64 compressed oops)
# Problematic frame:
# j  java.util.concurrent.ScheduledThreadPoolExecutor$DelayedWorkQueue.take()Ljava/util/concurrent/RunnableScheduledFuture;+124
#
# Failed to write core dump. Minidumps are not enabled by default on client versions of Windows
#
# If you would like to submit a bug report, please visit:
#   http://bugreport.java.com/bugreport/crash.jsp
#

---------------  T H R E A D  ---------------

Current thread (0x000000001baed000):  JavaThread "Catalina-utility-2" [_thread_in_Java, id=7832, stack(0x000000001cd40000,0x000000001ce40000)]

siginfo: ExceptionCode=0xc0000005, reading address 0xffffffffffffffff

Registers:
RAX=0x00000000da5e6580, RBX=0x000000000000004d, RCX=0x00000000176bd168, RDX=0x0000000083a8f3f8
RSP=0x000000001ce3ee18, RBP=0x000000001ce3ee58, RSI=0x0000000083af3808, RDI=0x0000000000000000
R8 =0x00000000da5f8683, R9 =0x000000007ffe4000, R10=0x000000005ef76800, R11=0x0000000c1018fa4d
R12=0x0000000000000000, R13=0x00000000176bc2ef, R14=0x000000001ce3eea0, R15=0x000000001baed000
RIP=0x000000000316b4ac, EFLAGS=0x0000000000010203

Top of Stack: (sp=0x000000001ce3ee18)
0x000000001ce3ee18:   000000001ce3ee18 00000000176bc35c
0x000000001ce3ee28:   000000001ce3eea0 00000000176bd168
0x000000001ce3ee38:   0000000000000000 00000000176bc3d8
0x000000001ce3ee48:   0000000000000000 000000001ce3eea0
0x000000001ce3ee58:   000000001ce3eee8 00000000031580e0
0x000000001ce3ee68:   0000000000000000 0000000000000000
0x000000001ce3ee78:   0000000083af35b0 000000001e355c3c
0x000000001ce3ee88:   0000000000000000 0000000000000000
0x000000001ce3ee98:   0000000083af3560 0000000083a8f3d8
0x000000001ce3eea8:   000000001ce3eea8 00000000176bcf51
0x000000001ce3eeb8:   000000001ce3eef8 00000000176bd168
0x000000001ce3eec8:   0000000000000000 00000000176bcf60
0x000000001ce3eed8:   000000001ce3eea0 000000001ce3ef00
0x000000001ce3eee8:   000000001ce3f028 00000000039bb99c
0x000000001ce3eef8:   0000000083a8f3d8 000000001ce3ef20
0x000000001ce3ef08:   000000001ce3ef68 000000000315835d 

Instructions: (pc=0x000000000316b4ac)
0x000000000316b48c:   42 0c 8b d8 0f 83 8a 82 ff ff 8b 44 82 10 41 0f
0x000000000316b49c:   b6 5d 01 49 ff c5 49 ba 00 68 f7 5e 00 00 00 00
0x000000000316b4ac:   41 ff 24 da 00 00 00 00 00 00 00 00 00 00 00 00
0x000000000316b4bc:   00 00 00 00 60 00 00 00 00 00 00 00 70 62 d5 5e 


Register to memory mapping:

RAX=0x00000000da5e6580 is an oop
java.util.concurrent.ScheduledThreadPoolExecutor$ScheduledFutureTask 
 - klass: 'java/util/concurrent/ScheduledThreadPoolExecutor$ScheduledFutureTask'
RBX=0x000000000000004d is an unknown value
RCX=0x00000000176bd168 is pointing into metadata
RDX=0x0000000083a8f3f8 is an oop
[Ljava.util.concurrent.RunnableScheduledFuture; 
 - klass: 'java/util/concurrent/RunnableScheduledFuture'[]
 - length: 16
RSP=0x000000001ce3ee18 is pointing into the stack for thread: 0x000000001baed000
RBP=0x000000001ce3ee58 is pointing into the stack for thread: 0x000000001baed000
RSI=0x0000000083af3808 is an oop
java.util.concurrent.locks.AbstractQueuedSynchronizer$ConditionObject 
 - klass: 'java/util/concurrent/locks/AbstractQueuedSynchronizer$ConditionObject'
RDI=0x0000000000000000 is an unknown value
R8 =0x00000000da5f8683 is an unknown value
R9 =0x000000007ffe4000 is an unknown value
R10=0x000000005ef76800 is an unknown value
R11=0x0000000c1018fa4d is an unknown value
R12=0x0000000000000000 is an unknown value
R13=0x00000000176bc2ef is pointing into metadata
R14=0x000000001ce3eea0 is pointing into the stack for thread: 0x000000001baed000
R15=0x000000001baed000 is a thread


Stack: [0x000000001cd40000,0x000000001ce40000],  sp=0x000000001ce3ee18,  free space=1019k
Native frames: (J=compiled Java code, j=interpreted, Vv=VM code, C=native code)
C  0x000000000316b4ac


---------------  P R O C E S S  ---------------

Java Threads: ( => current thread )
  0x000000001b719000 JavaThread "DestroyJavaVM" [_thread_blocked, id=7072, stack(0x0000000002f50000,0x0000000003050000)]
  0x000000001b71a800 JavaThread "http-nio-8181-Acceptor" daemon [_thread_in_native, id=188, stack(0x000000001ef40000,0x000000001f040000)]
  0x000000001b705800 JavaThread "http-nio-8181-ClientPoller" daemon [_thread_in_native, id=1776, stack(0x000000001ee40000,0x000000001ef40000)]
  0x000000001b704800 JavaThread "http-nio-8181-exec-10" daemon [_thread_blocked, id=3344, stack(0x000000001ed40000,0x000000001ee40000)]
  0x000000001b704000 JavaThread "http-nio-8181-exec-9" daemon [_thread_blocked, id=1884, stack(0x000000001ec40000,0x000000001ed40000)]
  0x000000001b703000 JavaThread "http-nio-8181-exec-8" daemon [_thread_blocked, id=1096, stack(0x000000001eb40000,0x000000001ec40000)]
  0x000000001b702800 JavaThread "http-nio-8181-exec-7" daemon [_thread_blocked, id=4276, stack(0x000000001ea40000,0x000000001eb40000)]
  0x000000001b701800 JavaThread "http-nio-8181-exec-6" daemon [_thread_blocked, id=9088, stack(0x000000001e940000,0x000000001ea40000)]
  0x000000001b701000 JavaThread "http-nio-8181-exec-5" daemon [_thread_blocked, id=4788, stack(0x000000001e840000,0x000000001e940000)]
  0x000000001b706000 JavaThread "http-nio-8181-exec-4" daemon [_thread_blocked, id=5668, stack(0x000000001e640000,0x000000001e740000)]
  0x000000001b700000 JavaThread "http-nio-8181-exec-3" daemon [_thread_blocked, id=6264, stack(0x000000001e540000,0x000000001e640000)]
  0x000000001b6ff800 JavaThread "http-nio-8181-exec-2" daemon [_thread_blocked, id=4172, stack(0x000000001e440000,0x000000001e540000)]
  0x000000001b6ec800 JavaThread "http-nio-8181-exec-1" daemon [_thread_blocked, id=7144, stack(0x000000001e340000,0x000000001e440000)]
  0x000000001b6ec000 JavaThread "http-nio-8181-BlockPoller" daemon [_thread_in_native, id=5512, stack(0x000000001e240000,0x000000001e340000)]
  0x000000001bcd6000 JavaThread "oracle.jdbc.driver.BlockSource.ThreadedCachingBlockSource.BlockReleaser" daemon [_thread_blocked, id=7736, stack(0x000000001d440000,0x000000001d540000)]
  0x000000001ba56800 JavaThread "mysql-cj-abandoned-connection-cleanup" daemon [_thread_blocked, id=8152, stack(0x000000001cf40000,0x000000001d040000)]
  0x000000001bafe000 JavaThread "container-0" [_thread_blocked, id=2340, stack(0x000000001ce40000,0x000000001cf40000)]
=>0x000000001baed000 JavaThread "Catalina-utility-2" [_thread_in_Java, id=7832, stack(0x000000001cd40000,0x000000001ce40000)]
  0x000000001baec000 JavaThread "Catalina-utility-1" [_thread_blocked, id=1408, stack(0x000000001ac70000,0x000000001ad70000)]
  0x0000000019f97000 JavaThread "RMI TCP Accept-0" daemon [_thread_in_native, id=7636, stack(0x000000001a730000,0x000000001a830000)]
  0x0000000019f8a000 JavaThread "RMI TCP Accept-50224" daemon [_thread_in_native, id=4316, stack(0x000000001a630000,0x000000001a730000)]
  0x0000000019f7f800 JavaThread "RMI TCP Accept-0" daemon [_thread_in_native, id=6924, stack(0x000000001a530000,0x000000001a630000)]
  0x0000000019530800 JavaThread "Service Thread" daemon [_thread_blocked, id=4620, stack(0x00000000198f0000,0x00000000199f0000)]
  0x0000000017bb4000 JavaThread "C1 CompilerThread2" daemon [_thread_blocked, id=4280, stack(0x00000000193f0000,0x00000000194f0000)]
  0x0000000017baf800 JavaThread "C2 CompilerThread1" daemon [_thread_blocked, id=6148, stack(0x00000000192f0000,0x00000000193f0000)]
  0x0000000017baa000 JavaThread "C2 CompilerThread0" daemon [_thread_blocked, id=8928, stack(0x00000000191f0000,0x00000000192f0000)]
  0x0000000017ba6000 JavaThread "Attach Listener" daemon [_thread_blocked, id=6568, stack(0x00000000190f0000,0x00000000191f0000)]
  0x0000000017ba4800 JavaThread "Signal Dispatcher" daemon [_thread_blocked, id=3700, stack(0x0000000018ff0000,0x00000000190f0000)]
  0x0000000017b8f800 JavaThread "Finalizer" daemon [_thread_blocked, id=4272, stack(0x0000000018df0000,0x0000000018ef0000)]
  0x0000000003149000 JavaThread "Reference Handler" daemon [_thread_blocked, id=3656, stack(0x0000000018cf0000,0x0000000018df0000)]

Other Threads:
  0x0000000017b67000 VMThread [stack: 0x0000000018bf0000,0x0000000018cf0000] [id=2904]
  0x0000000019f99000 WatcherThread [stack: 0x000000001a830000,0x000000001a930000] [id=8808]

VM state:not at safepoint (normal execution)

VM Mutex/Monitor currently owned by a thread: None

heap address: 0x0000000083200000, size: 1998 MB, Compressed Oops mode: 32-bit
Narrow klass base: 0x0000000000000000, Narrow klass shift: 3
Compressed class space size: 1073741824 Address: 0x0000000100000000

Heap:
 PSYoungGen      total 142848K, used 108315K [0x00000000d6600000, 0x00000000e0880000, 0x0000000100000000)
  eden space 132608K, 73% used [0x00000000d6600000,0x00000000dc5d2218,0x00000000de780000)
  from space 10240K, 99% used [0x00000000dfe80000,0x00000000e0874ad8,0x00000000e0880000)
  to   space 13312K, 0% used [0x00000000dee80000,0x00000000dee80000,0x00000000dfb80000)
 ParOldGen       total 96768K, used 16724K [0x0000000083200000, 0x0000000089080000, 0x00000000d6600000)
  object space 96768K, 17% used [0x0000000083200000,0x0000000084255210,0x0000000089080000)
 Metaspace       used 51781K, capacity 53968K, committed 54144K, reserved 1095680K
  class space    used 7295K, capacity 7696K, committed 7808K, reserved 1048576K

Card table byte_map: [0x0000000012510000,0x0000000012900000] byte_map_base: 0x00000000120f7000

Marking Bits: (ParMarkBitMap*) 0x000000005ef8be30
 Begin Bits: [0x0000000012fa0000, 0x0000000014ed8000)
 End Bits:   [0x0000000014ed8000, 0x0000000016e10000)

Polling page: 0x00000000010f0000

CodeCache: size=245760Kb used=8617Kb max_used=8626Kb free=237142Kb
 bounds [0x0000000003150000, 0x00000000039c0000, 0x0000000012150000]
 total_blobs=5315 nmethods=4724 adapters=503
 compilation: enabled

Compilation events (10 events):
Event: 196.287 Thread 0x0000000017bb4000 4726   !   1       sun.nio.ch.WindowsSelectorImpl::resetWakeupSocket (41 bytes)
Event: 196.287 Thread 0x0000000017bb4000 nmethod 4726 0x00000000039ba9d0 code [0x00000000039bab40, 0x00000000039bae88]
Event: 198.116 Thread 0x0000000017bb4000 4727       1       java.util.concurrent.ThreadPoolExecutor$Worker::unlock (7 bytes)
Event: 198.117 Thread 0x0000000017bb4000 nmethod 4727 0x00000000039baf90 code [0x00000000039bb0e0, 0x00000000039bb268]
Event: 198.117 Thread 0x0000000017bb4000 4728       1       java.util.concurrent.ThreadPoolExecutor$Worker::tryRelease (12 bytes)
Event: 198.117 Thread 0x0000000017bb4000 nmethod 4728 0x00000000039bb310 code [0x00000000039bb460, 0x00000000039bb590]
Event: 199.116 Thread 0x0000000017bb4000 4729   !   1       java.util.concurrent.ThreadPoolExecutor::getTask (179 bytes)
Event: 199.118 Thread 0x0000000017bb4000 nmethod 4729 0x00000000039bb5d0 code [0x00000000039bb780, 0x00000000039bbc38]
Event: 203.609 Thread 0x0000000017bb4000 4730       1       java.util.concurrent.locks.AbstractQueuedSynchronizer$ConditionObject::await (98 bytes)
Event: 203.611 Thread 0x0000000017bb4000 nmethod 4730 0x00000000039bbf50 code [0x00000000039bc160, 0x00000000039bc748]

GC Heap History (10 events):
Event: 2.616 GC heap before
{Heap before GC invocations=6 (full 1):
 PSYoungGen      total 70656K, used 65536K [0x00000000d6600000, 0x00000000db000000, 0x0000000100000000)
  eden space 65536K, 100% used [0x00000000d6600000,0x00000000da600000,0x00000000da600000)
  from space 5120K, 0% used [0x00000000dab00000,0x00000000dab00000,0x00000000db000000)
  to   space 5120K, 0% used [0x00000000da600000,0x00000000da600000,0x00000000dab00000)
 ParOldGen       total 57344K, used 6256K [0x0000000083200000, 0x0000000086a00000, 0x00000000d6600000)
  object space 57344K, 10% used [0x0000000083200000,0x000000008381c158,0x0000000086a00000)
 Metaspace       used 21963K, capacity 22812K, committed 23040K, reserved 1069056K
  class space    used 3032K, capacity 3238K, committed 3328K, reserved 1048576K
Event: 2.622 GC heap after
Heap after GC invocations=6 (full 1):
 PSYoungGen      total 70656K, used 3679K [0x00000000d6600000, 0x00000000dda00000, 0x0000000100000000)
  eden space 65536K, 0% used [0x00000000d6600000,0x00000000d6600000,0x00000000da600000)
  from space 5120K, 71% used [0x00000000da600000,0x00000000da997ca0,0x00000000dab00000)
  to   space 9728K, 0% used [0x00000000dd080000,0x00000000dd080000,0x00000000dda00000)
 ParOldGen       total 57344K, used 6264K [0x0000000083200000, 0x0000000086a00000, 0x00000000d6600000)
  object space 57344K, 10% used [0x0000000083200000,0x000000008381e158,0x0000000086a00000)
 Metaspace       used 21963K, capacity 22812K, committed 23040K, reserved 1069056K
  class space    used 3032K, capacity 3238K, committed 3328K, reserved 1048576K
}
Event: 3.419 GC heap before
{Heap before GC invocations=7 (full 1):
 PSYoungGen      total 70656K, used 69201K [0x00000000d6600000, 0x00000000dda00000, 0x0000000100000000)
  eden space 65536K, 99% used [0x00000000d6600000,0x00000000da5fca68,0x00000000da600000)
  from space 5120K, 71% used [0x00000000da600000,0x00000000da997ca0,0x00000000dab00000)
  to   space 9728K, 0% used [0x00000000dd080000,0x00000000dd080000,0x00000000dda00000)
 ParOldGen       total 57344K, used 6264K [0x0000000083200000, 0x0000000086a00000, 0x00000000d6600000)
  object space 57344K, 10% used [0x0000000083200000,0x000000008381e158,0x0000000086a00000)
 Metaspace       used 26594K, capacity 28038K, committed 28288K, reserved 1073152K
  class space    used 3672K, capacity 3961K, committed 3968K, reserved 1048576K
Event: 3.432 GC heap after
Heap after GC invocations=7 (full 1):
 PSYoungGen      total 105984K, used 8377K [0x00000000d6600000, 0x00000000dd900000, 0x0000000100000000)
  eden space 97280K, 0% used [0x00000000d6600000,0x00000000d6600000,0x00000000dc500000)
  from space 8704K, 96% used [0x00000000dd080000,0x00000000dd8ae688,0x00000000dd900000)
  to   space 10240K, 0% used [0x00000000dc500000,0x00000000dc500000,0x00000000dcf00000)
 ParOldGen       total 57344K, used 6272K [0x0000000083200000, 0x0000000086a00000, 0x00000000d6600000)
  object space 57344K, 10% used [0x0000000083200000,0x0000000083820158,0x0000000086a00000)
 Metaspace       used 26594K, capacity 28038K, committed 28288K, reserved 1073152K
  class space    used 3672K, capacity 3961K, committed 3968K, reserved 1048576K
}
Event: 4.407 GC heap before
{Heap before GC invocations=8 (full 1):
 PSYoungGen      total 105984K, used 86380K [0x00000000d6600000, 0x00000000dd900000, 0x0000000100000000)
  eden space 97280K, 80% used [0x00000000d6600000,0x00000000db22cd48,0x00000000dc500000)
  from space 8704K, 96% used [0x00000000dd080000,0x00000000dd8ae688,0x00000000dd900000)
  to   space 10240K, 0% used [0x00000000dc500000,0x00000000dc500000,0x00000000dcf00000)
 ParOldGen       total 57344K, used 6272K [0x0000000083200000, 0x0000000086a00000, 0x00000000d6600000)
  object space 57344K, 10% used [0x0000000083200000,0x0000000083820158,0x0000000086a00000)
 Metaspace       used 33767K, capacity 35196K, committed 35416K, reserved 1079296K
  class space    used 4757K, capacity 5044K, committed 5120K, reserved 1048576K
Event: 4.429 GC heap after
Heap after GC invocations=8 (full 1):
 PSYoungGen      total 107520K, used 10212K [0x00000000d6600000, 0x00000000e0b00000, 0x0000000100000000)
  eden space 97280K, 0% used [0x00000000d6600000,0x00000000d6600000,0x00000000dc500000)
  from space 10240K, 99% used [0x00000000dc500000,0x00000000dcef90e8,0x00000000dcf00000)
  to   space 12800K, 0% used [0x00000000dfe80000,0x00000000dfe80000,0x00000000e0b00000)
 ParOldGen       total 57344K, used 8055K [0x0000000083200000, 0x0000000086a00000, 0x00000000d6600000)
  object space 57344K, 14% used [0x0000000083200000,0x00000000839ddf18,0x0000000086a00000)
 Metaspace       used 33767K, capacity 35196K, committed 35416K, reserved 1079296K
  class space    used 4757K, capacity 5044K, committed 5120K, reserved 1048576K
}
Event: 4.429 GC heap before
{Heap before GC invocations=9 (full 2):
 PSYoungGen      total 107520K, used 10212K [0x00000000d6600000, 0x00000000e0b00000, 0x0000000100000000)
  eden space 97280K, 0% used [0x00000000d6600000,0x00000000d6600000,0x00000000dc500000)
  from space 10240K, 99% used [0x00000000dc500000,0x00000000dcef90e8,0x00000000dcf00000)
  to   space 12800K, 0% used [0x00000000dfe80000,0x00000000dfe80000,0x00000000e0b00000)
 ParOldGen       total 57344K, used 8055K [0x0000000083200000, 0x0000000086a00000, 0x00000000d6600000)
  object space 57344K, 14% used [0x0000000083200000,0x00000000839ddf18,0x0000000086a00000)
 Metaspace       used 33767K, capacity 35196K, committed 35416K, reserved 1079296K
  class space    used 4757K, capacity 5044K, committed 5120K, reserved 1048576K
Event: 4.545 GC heap after
Heap after GC invocations=9 (full 2):
 PSYoungGen      total 107520K, used 0K [0x00000000d6600000, 0x00000000e0b00000, 0x0000000100000000)
  eden space 97280K, 0% used [0x00000000d6600000,0x00000000d6600000,0x00000000dc500000)
  from space 10240K, 0% used [0x00000000dc500000,0x00000000dc500000,0x00000000dcf00000)
  to   space 12800K, 0% used [0x00000000dfe80000,0x00000000dfe80000,0x00000000e0b00000)
 ParOldGen       total 96768K, used 16716K [0x0000000083200000, 0x0000000089080000, 0x00000000d6600000)
  object space 96768K, 17% used [0x0000000083200000,0x0000000084253210,0x0000000089080000)
 Metaspace       used 33767K, capacity 35196K, committed 35416K, reserved 1079296K
  class space    used 4757K, capacity 5044K, committed 5120K, reserved 1048576K
}
Event: 5.771 GC heap before
{Heap before GC invocations=10 (full 2):
 PSYoungGen      total 107520K, used 97280K [0x00000000d6600000, 0x00000000e0b00000, 0x0000000100000000)
  eden space 97280K, 100% used [0x00000000d6600000,0x00000000dc500000,0x00000000dc500000)
  from space 10240K, 0% used [0x00000000dc500000,0x00000000dc500000,0x00000000dcf00000)
  to   space 12800K, 0% used [0x00000000dfe80000,0x00000000dfe80000,0x00000000e0b00000)
 ParOldGen       total 96768K, used 16716K [0x0000000083200000, 0x0000000089080000, 0x00000000d6600000)
  object space 96768K, 17% used [0x0000000083200000,0x0000000084253210,0x0000000089080000)
 Metaspace       used 43152K, capacity 44764K, committed 45184K, reserved 1087488K
  class space    used 6122K, capacity 6434K, committed 6528K, reserved 1048576K
Event: 5.784 GC heap after
Heap after GC invocations=10 (full 2):
 PSYoungGen      total 142848K, used 10194K [0x00000000d6600000, 0x00000000e0880000, 0x0000000100000000)
  eden space 132608K, 0% used [0x00000000d6600000,0x00000000d6600000,0x00000000de780000)
  from space 10240K, 99% used [0x00000000dfe80000,0x00000000e0874ad8,0x00000000e0880000)
  to   space 13312K, 0% used [0x00000000dee80000,0x00000000dee80000,0x00000000dfb80000)
 ParOldGen       total 96768K, used 16724K [0x0000000083200000, 0x0000000089080000, 0x00000000d6600000)
  object space 96768K, 17% used [0x0000000083200000,0x0000000084255210,0x0000000089080000)
 Metaspace       used 43152K, capacity 44764K, committed 45184K, reserved 1087488K
  class space    used 6122K, capacity 6434K, committed 6528K, reserved 1048576K
}

Deoptimization events (0 events):
No events

Classes redefined (0 events):
No events

Internal exceptions (10 events):
Event: 19.273 Thread 0x000000001b6ff800 Exception <a 'java/lang/ArrayIndexOutOfBoundsException'> (0x00000000db4df9f8) thrown at [C:\ade\jenkins\workspace\8-2-build-windows-amd64-cygwin\jdk8u241\331\hotspot\src\share\vm\runtime\sharedRuntime.cpp, line 605]
Event: 19.274 Thread 0x000000001b6ff800 Exception <a 'java/lang/ArrayIndexOutOfBoundsException'> (0x00000000db4e2e68) thrown at [C:\ade\jenkins\workspace\8-2-build-windows-amd64-cygwin\jdk8u241\331\hotspot\src\share\vm\runtime\sharedRuntime.cpp, line 605]
Event: 19.289 Thread 0x000000001b6ff800 Exception <a 'java/lang/ArrayIndexOutOfBoundsException'> (0x00000000db536d08) thrown at [C:\ade\jenkins\workspace\8-2-build-windows-amd64-cygwin\jdk8u241\331\hotspot\src\share\vm\runtime\sharedRuntime.cpp, line 605]
Event: 19.308 Thread 0x000000001b6ff800 Exception <a 'java/lang/ArrayIndexOutOfBoundsException'> (0x00000000db5b6858) thrown at [C:\ade\jenkins\workspace\8-2-build-windows-amd64-cygwin\jdk8u241\331\hotspot\src\share\vm\runtime\sharedRuntime.cpp, line 605]
Event: 19.549 Thread 0x000000001b6ff800 Exception <a 'java/lang/reflect/InvocationTargetException'> (0x00000000dc19c788) thrown at [C:\ade\jenkins\workspace\8-2-build-windows-amd64-cygwin\jdk8u241\331\hotspot\src\share\vm\runtime\reflection.cpp, line 1092]
Event: 19.589 Thread 0x000000001b6ff800 Exception <a 'java/lang/ArrayIndexOutOfBoundsException'> (0x00000000dc3a4ac0) thrown at [C:\ade\jenkins\workspace\8-2-build-windows-amd64-cygwin\jdk8u241\331\hotspot\src\share\vm\runtime\sharedRuntime.cpp, line 605]
Event: 19.589 Thread 0x000000001b6ff800 Exception <a 'java/lang/ArrayIndexOutOfBoundsException'> (0x00000000dc3a5d78) thrown at [C:\ade\jenkins\workspace\8-2-build-windows-amd64-cygwin\jdk8u241\331\hotspot\src\share\vm\runtime\sharedRuntime.cpp, line 605]
Event: 19.595 Thread 0x000000001b6ff800 Exception <a 'java/lang/ArrayIndexOutOfBoundsException'> (0x00000000dc401bc0) thrown at [C:\ade\jenkins\workspace\8-2-build-windows-amd64-cygwin\jdk8u241\331\hotspot\src\share\vm\runtime\sharedRuntime.cpp, line 605]
Event: 19.622 Thread 0x000000001b6ff800 Exception <a 'java/lang/ArrayIndexOutOfBoundsException'> (0x00000000dc548000) thrown at [C:\ade\jenkins\workspace\8-2-build-windows-amd64-cygwin\jdk8u241\331\hotspot\src\share\vm\runtime\sharedRuntime.cpp, line 605]
Event: 19.624 Thread 0x000000001b6ff800 Exception <a 'java/lang/ArrayIndexOutOfBoundsException'> (0x00000000dc55a8b8) thrown at [C:\ade\jenkins\workspace\8-2-build-windows-amd64-cygwin\jdk8u241\331\hotspot\src\share\vm\runtime\sharedRuntime.cpp, line 605]

Events (10 events):
Event: 19.640 loading class org/springframework/web/context/request/WebRequest done
Event: 19.640 loading class org/springframework/web/method/annotation/SessionAttributesHandler
Event: 19.640 loading class org/springframework/web/method/annotation/SessionAttributesHandler done
Event: 19.642 loading class org/apache/catalina/AccessLog
Event: 19.642 loading class org/apache/catalina/AccessLog done
Event: 63.599 loading class org/apache/catalina/Session
Event: 63.599 loading class org/apache/catalina/Session done
Event: 203.611 Thread 0x0000000017bb4000 flushing nmethod 0x000000000326e3d0
Event: 203.611 Thread 0x0000000017bb4000 flushing nmethod 0x000000000326e910
Event: 203.611 Thread 0x0000000017bb4000 flushing nmethod 0x0000000003293590


Dynamic libraries:
0x00007ff6ff8c0000 - 0x00007ff6ff8f7000 	C:\Program Files\Java\jdk1.8.0_241\bin\javaw.exe
0x00007ffedd320000 - 0x00007ffedd510000 	C:\WINDOWS\SYSTEM32\ntdll.dll
0x00007ffedce60000 - 0x00007ffedcf12000 	C:\WINDOWS\System32\KERNEL32.DLL
0x00007ffeda6a0000 - 0x00007ffeda942000 	C:\WINDOWS\System32\KERNELBASE.dll
0x00007ffedb410000 - 0x00007ffedb4b3000 	C:\WINDOWS\System32\ADVAPI32.dll
0x00007ffedca10000 - 0x00007ffedcaae000 	C:\WINDOWS\System32\msvcrt.dll
0x00007ffedcae0000 - 0x00007ffedcb77000 	C:\WINDOWS\System32\sechost.dll
0x00007ffedc880000 - 0x00007ffedc9a0000 	C:\WINDOWS\System32\RPCRT4.dll
0x00007ffedb9c0000 - 0x00007ffedbb53000 	C:\WINDOWS\System32\USER32.dll
0x00007ffeda670000 - 0x00007ffeda691000 	C:\WINDOWS\System32\win32u.dll
0x00007ffedb3e0000 - 0x00007ffedb406000 	C:\WINDOWS\System32\GDI32.dll
0x00007ffeda2b0000 - 0x00007ffeda444000 	C:\WINDOWS\System32\gdi32full.dll
0x00007ffedb340000 - 0x00007ffedb3de000 	C:\WINDOWS\System32\msvcp_win.dll
0x00007ffedb0d0000 - 0x00007ffedb1ca000 	C:\WINDOWS\System32\ucrtbase.dll
0x00007ffed9660000 - 0x00007ffed98e5000 	C:\WINDOWS\WinSxS\amd64_microsoft.windows.common-controls_6595b64144ccf1df_6.0.18362.30_none_a1435978519dce7f\COMCTL32.dll
0x00007ffedcfa0000 - 0x00007ffedd2d6000 	C:\WINDOWS\System32\combase.dll
0x00007ffeda530000 - 0x00007ffeda5b1000 	C:\WINDOWS\System32\bcryptPrimitives.dll
0x00007ffedcab0000 - 0x00007ffedcade000 	C:\WINDOWS\System32\IMM32.DLL
0x000000005f010000 - 0x000000005f0e2000 	C:\Program Files\Java\jdk1.8.0_241\jre\bin\msvcr100.dll
0x000000005e760000 - 0x000000005f00c000 	C:\Program Files\Java\jdk1.8.0_241\jre\bin\server\jvm.dll
0x00007ffedb4c0000 - 0x00007ffedb4c8000 	C:\WINDOWS\System32\PSAPI.DLL
0x00007ffed4b50000 - 0x00007ffed4b59000 	C:\WINDOWS\SYSTEM32\WSOCK32.dll
0x00007ffedc5e0000 - 0x00007ffedc64f000 	C:\WINDOWS\System32\WS2_32.dll
0x00007ffed6c50000 - 0x00007ffed6c74000 	C:\WINDOWS\SYSTEM32\WINMM.dll
0x00007ffed8ca0000 - 0x00007ffed8caa000 	C:\WINDOWS\SYSTEM32\VERSION.dll
0x00007ffed6c20000 - 0x00007ffed6c4d000 	C:\WINDOWS\SYSTEM32\WINMMBASE.dll
0x00007ffeda450000 - 0x00007ffeda49a000 	C:\WINDOWS\System32\cfgmgr32.dll
0x00007ffed8900000 - 0x00007ffed890f000 	C:\Program Files\Java\jdk1.8.0_241\jre\bin\verify.dll
0x00007ffed4de0000 - 0x00007ffed4e09000 	C:\Program Files\Java\jdk1.8.0_241\jre\bin\java.dll
0x00007ffed5640000 - 0x00007ffed5656000 	C:\Program Files\Java\jdk1.8.0_241\jre\bin\zip.dll
0x00007ffedbb60000 - 0x00007ffedc240000 	C:\WINDOWS\System32\SHELL32.dll
0x00007ffedc7d0000 - 0x00007ffedc879000 	C:\WINDOWS\System32\shcore.dll
0x00007ffeda950000 - 0x00007ffedb0cb000 	C:\WINDOWS\System32\windows.storage.dll
0x00007ffeda200000 - 0x00007ffeda21f000 	C:\WINDOWS\System32\profapi.dll
0x00007ffeda260000 - 0x00007ffeda2aa000 	C:\WINDOWS\System32\powrprof.dll
0x00007ffeda1f0000 - 0x00007ffeda200000 	C:\WINDOWS\System32\UMPDC.dll
0x00007ffedc580000 - 0x00007ffedc5d2000 	C:\WINDOWS\System32\shlwapi.dll
0x00007ffeda240000 - 0x00007ffeda251000 	C:\WINDOWS\System32\kernel.appcore.dll
0x00007ffedb1d0000 - 0x00007ffedb1e7000 	C:\WINDOWS\System32\cryptsp.dll
0x00007ffed88f0000 - 0x00007ffed88fd000 	C:\Program Files\Java\jdk1.8.0_241\jre\bin\management.dll
0x00007ffed4dc0000 - 0x00007ffed4dda000 	C:\Program Files\Java\jdk1.8.0_241\jre\bin\net.dll
0x00007ffed93e0000 - 0x00007ffed9447000 	C:\WINDOWS\system32\mswsock.dll
0x00007ffed3030000 - 0x00007ffed3042000 	C:\Program Files\Java\jdk1.8.0_241\jre\bin\nio.dll
0x00007ffebb780000 - 0x00007ffebb796000 	C:\WINDOWS\system32\napinsp.dll
0x00007ffebb760000 - 0x00007ffebb77a000 	C:\WINDOWS\system32\pnrpnsp.dll
0x00007ffed9180000 - 0x00007ffed924a000 	C:\WINDOWS\SYSTEM32\DNSAPI.dll
0x00007ffedc410000 - 0x00007ffedc418000 	C:\WINDOWS\System32\NSI.dll
0x00007ffed9140000 - 0x00007ffed917a000 	C:\WINDOWS\SYSTEM32\IPHLPAPI.DLL
0x00007ffeb5af0000 - 0x00007ffeb5afe000 	C:\WINDOWS\System32\winrnr.dll
0x00007ffed5b70000 - 0x00007ffed5b8c000 	C:\WINDOWS\system32\NLAapi.dll
0x00007ffec4270000 - 0x00007ffec4285000 	C:\WINDOWS\system32\wshbth.dll
0x00007ffed04e0000 - 0x00007ffed04ea000 	C:\Windows\System32\rasadhlp.dll
0x00007ffed11f0000 - 0x00007ffed1267000 	C:\WINDOWS\System32\fwpuclnt.dll
0x00007ffeda4a0000 - 0x00007ffeda4c6000 	C:\WINDOWS\System32\bcrypt.dll
0x00007ffed8fa0000 - 0x00007ffed8fd3000 	C:\WINDOWS\system32\rsaenh.dll
0x00007ffeda0e0000 - 0x00007ffeda105000 	C:\WINDOWS\SYSTEM32\USERENV.dll
0x00007ffed95b0000 - 0x00007ffed95bc000 	C:\WINDOWS\SYSTEM32\CRYPTBASE.dll
0x00007ffed12d0000 - 0x00007ffed12e6000 	C:\WINDOWS\SYSTEM32\dhcpcsvc6.DLL
0x00007ffed13d0000 - 0x00007ffed13ec000 	C:\WINDOWS\SYSTEM32\dhcpcsvc.DLL
0x00007ffed9d10000 - 0x00007ffed9f04000 	C:\WINDOWS\SYSTEM32\dbghelp.dll

VM Arguments:
jvm_args: -Dcom.sun.management.jmxremote -Dcom.sun.management.jmxremote.port=50224 -Dcom.sun.management.jmxremote.authenticate=false -Dcom.sun.management.jmxremote.ssl=false -Djava.rmi.server.hostname=localhost -Dspring.jmx.enabled=true -Dspring.liveBeansView.mbeanDomain -Dspring.application.admin.enabled=true -Xverify:none -XX:TieredStopAtLevel=1 -Dspring.boot.project.name=Shifting_Customer -Dfile.encoding=UTF-8 -Xbootclasspath:C:\Program Files\Java\jre1.8.0_241\lib\resources.jar;C:\Program Files\Java\jre1.8.0_241\lib\rt.jar;C:\Program Files\Java\jre1.8.0_241\lib\jsse.jar;C:\Program Files\Java\jre1.8.0_241\lib\jce.jar;C:\Program Files\Java\jre1.8.0_241\lib\charsets.jar;C:\Program Files\Java\jre1.8.0_241\lib\jfr.jar;C:\Program Files\Java\jre1.8.0_241\lib\ext\access-bridge-64.jar;C:\Program Files\Java\jre1.8.0_241\lib\ext\cldrdata.jar;C:\Program Files\Java\jre1.8.0_241\lib\ext\dnsns.jar;C:\Program Files\Java\jre1.8.0_241\lib\ext\jaccess.jar;C:\Program Files\Java\jre1.8.0_241\lib\ext\jfxrt.jar;C:\Program Files\Java\jre1.8.0_241\lib\ext\localedata.jar;C:\Program Files\Java\jre1.8.0_241\lib\ext\nashorn.jar;C:\Program Files\Java\jre1.8.0_241\lib\ext\sunec.jar;C:\Program Files\Java\jre1.8.0_241\lib\ext\sunjce_provider.jar;C:\Program Files\Java\jre1.8.0_241\lib\ext\sunmscapi.jar;C:\Program Files\Java\jre1.8.0_241\lib\ext\sunpkcs11.jar;C:\Program Files\Java\jre1.8.0_241\lib\ext\zipfs.jar 
java_command: com.shifting_customers.ShiftingCustomerApplication --spring.output.ansi.enabled=always
java_class_path (initial): E:\workspace-sts-3.9.11.RELEASE\Shifting_Customer\target\classes;E:\ojdbc7.jar;C:\Users\Ravikiran Mukiri\.m2\repository\org\springframework\spring-aop\5.2.4.RELEASE\spring-aop-5.2.4.RELEASE.jar;C:\Users\Ravikiran Mukiri\.m2\repository\org\springframework\spring-beans\5.2.4.RELEASE\spring-beans-5.2.4.RELEASE.jar;C:\Users\Ravikiran Mukiri\.m2\repository\org\springframework\spring-context\5.2.4.RELEASE\spring-context-5.2.4.RELEASE.jar;C:\Users\Ravikiran Mukiri\.m2\repository\org\springframework\spring-expression\5.2.4.RELEASE\spring-expression-5.2.4.RELEASE.jar;C:\Users\Ravikiran Mukiri\.m2\repository\org\springframework\spring-core\5.2.4.RELEASE\spring-core-5.2.4.RELEASE.jar;C:\Users\Ravikiran Mukiri\.m2\repository\org\springframework\spring-jcl\5.2.4.RELEASE\spring-jcl-5.2.4.RELEASE.jar;C:\Users\Ravikiran Mukiri\.m2\repository\org\springframework\boot\spring-boot-starter\2.2.5.RELEASE\spring-boot-starter-2.2.5.RELEASE.jar;C:\Users\Ravikiran Mukiri\.m2\repository\org\springframework\boot\spring-boot\2.2.5.RELEASE\spring-boot-2.2.5.RELEASE.jar;C:\Users\Ravikiran Mukiri\.m2\repository\org\springframework\boot\spring-boot-autoconfigure\2.2.5.RELEASE\spring-boot-autoconfigure-2.2.5.RELEASE.jar;C:\Users\Ravikiran Mukiri\.m2\repository\org\springframework\boot\spring-boot-starter-logging\2.2.5.RELEASE\spring-boot-starter-logging-2.2.5.RELEASE.jar;C:\Users\Ravikiran Mukiri\.m2\repository\ch\qos\logback\logback-classic\1.2.3\logback-classic-1.2.3.jar;C:\Users\Ravikiran Mukiri\.m2\repository\ch\qos\logback\logback-core\1.2.3\logback-core-1.2.3.jar;C:\Users\Ravikiran Mukiri\.m2\repository\org\apache\logging\log4j\log4j-to-slf4j\2.12.1\log4j-to-slf4j-2.12.1.jar;C:\Users\Ravikiran Mukiri\.m2\repository\org\apache\logging\log4j\log4j-api\2.12.1\log4j-api-2.12.1.jar;C:\Users\Ravikiran Mukiri\.m2\repository\org\slf4j\jul-to-slf4j\1.7.30\jul-to-slf4j-1.7.30.jar;C:\Users\Ravikiran Mukiri\.m2\repository\jakarta\annotation\jakarta.annotation-api\1.3.5\jakart
Launcher Type: SUN_STANDARD

Environment Variables:
PATH=C:/Program Files/Java/jre1.8.0_241/bin/server;C:/Program Files/Java/jre1.8.0_241/bin;C:/Program Files/Java/jre1.8.0_241/lib/amd64;C:\oraclexe\app\oracle\product\10.2.0\server\bin;C:\Program Files (x86)\Common Files\Oracle\Java\javapath;C:\WINDOWS\system32;C:\WINDOWS;C:\WINDOWS\System32\Wbem;C:\WINDOWS\System32\WindowsPowerShell\v1.0\;C:\Program Files\Git\cmd;C:\WINDOWS\System32\OpenSSH\;C:\Users\Ravikiran Mukiri\AppData\Local\Microsoft\WindowsApps;;E:\Softwares\Spring Tool Suite\spring-tool-suite-3.9.11.RELEASE-e4.14.0-win32-x86_64\sts-bundle\sts-3.9.11.RELEASE;
USERNAME=Ravikiran Mukiri
OS=Windows_NT
PROCESSOR_IDENTIFIER=Intel64 Family 6 Model 37 Stepping 5, GenuineIntel



---------------  S Y S T E M  ---------------

OS: Windows 10.0 , 64 bit Build 18362 (10.0.18362.1)

CPU:total 4 (initial active 4) (2 cores per cpu, 2 threads per core) family 6 model 37 stepping 5, cmov, cx8, fxsr, mmx, sse, sse2, sse3, ssse3, sse4.1, sse4.2, popcnt, aes, clmul, ht, tsc, tscinvbit

Memory: 4k page, physical 8182460k(4231412k free), swap 10148540k(5249356k free)

vm_info: Java HotSpot(TM) 64-Bit Server VM (25.241-b07) for windows-amd64 JRE (1.8.0_241-b07), built on Dec 11 2019 10:21:40 by "rejava" with MS VC++ 10.0 (VS2010)

time: Thu Oct 29 12:41:34 2020
timezone: India Standard Time
elapsed time: 204 seconds (0d 0h 3m 24s)

